Using pre-set license
Built from '2022.3/china_unity/release' branch; Version is '2022.3.32f1c1 (ee11d84eef07) revision 15602136'; Using compiler version '192829333'; Build Type 'Release'
OS: 'Windows 11  (10.0.22631) 64bit Professional' Language: 'zh' Physical Memory: 32625 MB
BatchMode: 1, IsHumanControllingUs: 0, StartBugReporterOnCrash: 0, Is64bit: 1, IsPro: 1

COMMAND LINE ARGUMENTS:
E:\Unity\2022.3.32f1c1\Editor\Unity.exe
-adb2
-batchMode
-noUpm
-name
AssetImportWorker3
-projectPath
D:/g3_team5_game/Project
-logFile
Logs/AssetImportWorker3.log
-srvPort
63110
Successfully changed project path to: D:/g3_team5_game/Project
D:/g3_team5_game/Project
[UnityMemory] Configuration Parameters - Can be set up in boot.config
    "memorysetup-bucket-allocator-granularity=16"
    "memorysetup-bucket-allocator-bucket-count=8"
    "memorysetup-bucket-allocator-block-size=33554432"
    "memorysetup-bucket-allocator-block-count=8"
    "memorysetup-main-allocator-block-size=16777216"
    "memorysetup-thread-allocator-block-size=16777216"
    "memorysetup-gfx-main-allocator-block-size=16777216"
    "memorysetup-gfx-thread-allocator-block-size=16777216"
    "memorysetup-cache-allocator-block-size=4194304"
    "memorysetup-typetree-allocator-block-size=2097152"
    "memorysetup-profiler-bucket-allocator-granularity=16"
    "memorysetup-profiler-bucket-allocator-bucket-count=8"
    "memorysetup-profiler-bucket-allocator-block-size=33554432"
    "memorysetup-profiler-bucket-allocator-block-count=8"
    "memorysetup-profiler-allocator-block-size=16777216"
    "memorysetup-profiler-editor-allocator-block-size=1048576"
    "memorysetup-temp-allocator-size-main=16777216"
    "memorysetup-job-temp-allocator-block-size=2097152"
    "memorysetup-job-temp-allocator-block-size-background=1048576"
    "memorysetup-job-temp-allocator-reduction-small-platforms=262144"
    "memorysetup-allocator-temp-initial-block-size-main=262144"
    "memorysetup-allocator-temp-initial-block-size-worker=262144"
    "memorysetup-temp-allocator-size-background-worker=32768"
    "memorysetup-temp-allocator-size-job-worker=262144"
    "memorysetup-temp-allocator-size-preload-manager=33554432"
    "memorysetup-temp-allocator-size-nav-mesh-worker=65536"
    "memorysetup-temp-allocator-size-audio-worker=65536"
    "memorysetup-temp-allocator-size-cloud-worker=32768"
    "memorysetup-temp-allocator-size-gi-baking-worker=262144"
    "memorysetup-temp-allocator-size-gfx=262144"
Player connection [29412] Host "[IP] 192.168.31.232 [Port] 0 [Flags] 2 [Guid] 2459677696 [EditorId] 2459677696 [Version] 1048832 [Id] WindowsEditor(7,DESKTOP-TLA8B61) [Debug] 1 [PackageName] WindowsEditor [ProjectName] Editor" joined multi-casting on [225.0.0.222:54997]...

Player connection [29412] Host "[IP] 192.168.31.232 [Port] 0 [Flags] 2 [Guid] 2459677696 [EditorId] 2459677696 [Version] 1048832 [Id] WindowsEditor(7,DESKTOP-TLA8B61) [Debug] 1 [PackageName] WindowsEditor [ProjectName] Editor" joined alternative multi-casting on [225.0.0.222:34997]...

[PhysX] Initialized MultithreadedTaskDispatcher with 24 workers.
Refreshing native plugins compatible for Editor in 13.04 ms, found 4 plugins.
Preloading 0 native plugins for Editor in 0.00 ms.
Initialize engine version: 2022.3.32f1c1 (ee11d84eef07)
[Subsystems] Discovering subsystems at path E:/Unity/2022.3.32f1c1/Editor/Data/Resources/UnitySubsystems
[Subsystems] Discovering subsystems at path D:/g3_team5_game/Project/Assets
GfxDevice: creating device client; threaded=0; jobified=0
Direct3D:
    Version:  Direct3D 11.0 [level 11.1]
    Renderer: NVIDIA GeForce RTX 4070 Ti (ID=0x2782)
    Vendor:   NVIDIA
    VRAM:     11996 MB
    Driver:   32.0.15.5585
Initialize mono
Mono path[0] = 'E:/Unity/2022.3.32f1c1/Editor/Data/Managed'
Mono path[1] = 'E:/Unity/2022.3.32f1c1/Editor/Data/MonoBleedingEdge/lib/mono/unityjit-win32'
Mono config path = 'E:/Unity/2022.3.32f1c1/Editor/Data/MonoBleedingEdge/etc'
Using monoOptions --debugger-agent=transport=dt_socket,embedding=1,server=y,suspend=n,address=127.0.0.1:56960
Begin MonoManager ReloadAssembly
Registering precompiled unity dll's ...
Register platform support module: E:/Unity/2022.3.32f1c1/Editor/Data/PlaybackEngines/WindowsStandaloneSupport/UnityEditor.WindowsStandalone.Extensions.dll
Registered in 0.003436 seconds.
- Loaded All Assemblies, in  0.309 seconds
Native extension for WindowsStandalone target not found
Mono: successfully reloaded assembly
- Finished resetting the current domain, in  0.143 seconds
Domain Reload Profiling: 450ms
	BeginReloadAssembly (122ms)
		ExecutionOrderSort (0ms)
		DisableScriptedObjects (0ms)
		BackupInstance (0ms)
		ReleaseScriptingObjects (0ms)
		CreateAndSetChildDomain (1ms)
	RebuildCommonClasses (24ms)
	RebuildNativeTypeToScriptingClass (7ms)
	initialDomainReloadingComplete (39ms)
	LoadAllAssembliesAndSetupDomain (116ms)
		LoadAssemblies (121ms)
		RebuildTransferFunctionScriptingTraits (0ms)
		AnalyzeDomain (114ms)
			TypeCache.Refresh (113ms)
				TypeCache.ScanAssembly (98ms)
			ScanForSourceGeneratedMonoScriptInfo (0ms)
			ResolveRequiredComponents (0ms)
	FinalizeReload (143ms)
		ReleaseScriptCaches (0ms)
		RebuildScriptCaches (0ms)
		SetupLoadedEditorAssemblies (112ms)
			LogAssemblyErrors (0ms)
			InitializePlatformSupportModulesInManaged (4ms)
			SetLoadedEditorAssemblies (4ms)
			RefreshPlugins (0ms)
			BeforeProcessingInitializeOnLoad (1ms)
			ProcessInitializeOnLoadAttributes (77ms)
			ProcessInitializeOnLoadMethodAttributes (25ms)
			AfterProcessingInitializeOnLoad (0ms)
			EditorAssembliesLoaded (0ms)
		ExecutionOrderSort2 (0ms)
		AwakeInstancesAfterBackupRestoration (0ms)
========================================================================
Worker process is ready to serve import requests
Begin MonoManager ReloadAssembly
- Loaded All Assemblies, in  0.498 seconds
Refreshing native plugins compatible for Editor in 4.11 ms, found 4 plugins.
Native extension for WindowsStandalone target not found
Package Manager log level set to [2]
[Package Manager] Server::EnsureServerProcessIsRunning -- launch failed, reason: Unity was launched with the -noUpm command-line argument
[Package Manager] UpmClient::Send -- Unable to send message (not connected to UPM process).
[Package Manager] Cannot connect to Unity Package Manager local server
Mono: successfully reloaded assembly
- Finished resetting the current domain, in  0.346 seconds
Domain Reload Profiling: 841ms
	BeginReloadAssembly (106ms)
		ExecutionOrderSort (0ms)
		DisableScriptedObjects (3ms)
		BackupInstance (0ms)
		ReleaseScriptingObjects (0ms)
		CreateAndSetChildDomain (10ms)
	RebuildCommonClasses (18ms)
	RebuildNativeTypeToScriptingClass (6ms)
	initialDomainReloadingComplete (25ms)
	LoadAllAssembliesAndSetupDomain (339ms)
		LoadAssemblies (262ms)
		RebuildTransferFunctionScriptingTraits (0ms)
		AnalyzeDomain (146ms)
			TypeCache.Refresh (123ms)
				TypeCache.ScanAssembly (109ms)
			ScanForSourceGeneratedMonoScriptInfo (18ms)
			ResolveRequiredComponents (4ms)
	FinalizeReload (346ms)
		ReleaseScriptCaches (0ms)
		RebuildScriptCaches (0ms)
		SetupLoadedEditorAssemblies (259ms)
			LogAssemblyErrors (0ms)
			InitializePlatformSupportModulesInManaged (3ms)
			SetLoadedEditorAssemblies (2ms)
			RefreshPlugins (0ms)
			BeforeProcessingInitializeOnLoad (36ms)
			ProcessInitializeOnLoadAttributes (193ms)
			ProcessInitializeOnLoadMethodAttributes (21ms)
			AfterProcessingInitializeOnLoad (5ms)
			EditorAssembliesLoaded (0ms)
		ExecutionOrderSort2 (0ms)
		AwakeInstancesAfterBackupRestoration (4ms)
Launched and connected shader compiler UnityShaderCompiler.exe after 0.04 seconds
Refreshing native plugins compatible for Editor in 4.06 ms, found 4 plugins.
Preloading 0 native plugins for Editor in 0.00 ms.
Unloading 4361 Unused Serialized files (Serialized files now loaded: 0)
Unloading 79 unused Assets / (137.1 KB). Loaded Objects now: 4822.
Memory consumption went from 154.8 MB to 154.6 MB.
Total: 2.678700 ms (FindLiveObjects: 0.141000 ms CreateObjectMapping: 0.051200 ms MarkObjects: 2.389300 ms  DeleteObjects: 0.096500 ms)

AssetImportParameters requested are different than current active one (requested -> active):
  custom:container-demuxer-ogg: 62fdf1f143b41e24485cea50d1cbac27 -> 
  custom:video-codec-MediaFoundation-h265: 746d11721c4dcdbdad8f713fa42b33f4 -> 
  custom:video-decoder-ogg-theora: a1e56fd34408186e4bbccfd4996cb3dc -> 
  custom:framework-win-MediaFoundation: 216162199b28c13a410421893ffa2e32 -> 
  custom:CustomObjectIndexerAttribute: 9a22284fe3817be447336de3de66b15e -> 
  custom:container-demuxer-webm: 4f35f7cbe854078d1ac9338744f61a02 -> 
  custom:container-muxer-webm: aa71ff27fc2769a1b78a27578f13a17b -> 
  custom:video-decoder-webm-vp8: 9c59270c3fd7afecdb556c50c9e8de78 -> 
  custom:SearchIndexIgnoredProperties: e643bd26f0fe6173181afceb89e7c659 -> 
  custom:AudioImporter_EditorPlatform: d09bf68614088b80899f8185d706f6e7 -> 
  custom:video-encoder-webm-vp8: eb34c28f22e8b96e1ab97ce403110664 -> 
  custom:audio-decoder-ogg-vorbis: bf7c407c2cedff20999df2af8eb42d56 -> 
  custom:audio-encoder-webm-vorbis: bf7c407c2cedff20999df2af8eb42d56 -> 
========================================================================
Received Import Request.
  Time since last request: 5115.822735 seconds.
  path: Assets/sprites/v1.1 dungeon crawler 16X16 pixel pack/enemies/goblin/goblin_idle_anim_f2.png
  artifactKey: Guid(0987f1e83109e7b4ab1e3eeb76303a6f) Importer(815301076,1909f56bfc062723c751e8b465ee728b)
Start importing Assets/sprites/v1.1 dungeon crawler 16X16 pixel pack/enemies/goblin/goblin_idle_anim_f2.png using Guid(0987f1e83109e7b4ab1e3eeb76303a6f) Importer(815301076,1909f56bfc062723c751e8b465ee728b) [PhysX] Initialized MultithreadedTaskDispatcher with 24 workers.
[PhysX] Initialized MultithreadedTaskDispatcher with 24 workers.
 -> (artifact id: '2774c709ec5cb2a4d36b9bccefc28b86') in 0.054439 seconds
Number of updated asset objects reloaded before import = 0
Number of asset objects unloaded after import = 3
========================================================================
Received Prepare
Begin MonoManager ReloadAssembly
- Loaded All Assemblies, in  0.310 seconds
Refreshing native plugins compatible for Editor in 4.46 ms, found 4 plugins.
Native extension for WindowsStandalone target not found
[Package Manager] Server::EnsureServerProcessIsRunning -- launch failed, reason: Unity was launched with the -noUpm command-line argument
[Package Manager] UpmClient::Send -- Unable to send message (not connected to UPM process).
[Package Manager] Cannot connect to Unity Package Manager local server
Mono: successfully reloaded assembly
- Finished resetting the current domain, in  0.676 seconds
Domain Reload Profiling: 981ms
	BeginReloadAssembly (110ms)
		ExecutionOrderSort (0ms)
		DisableScriptedObjects (6ms)
		BackupInstance (0ms)
		ReleaseScriptingObjects (0ms)
		CreateAndSetChildDomain (19ms)
	RebuildCommonClasses (18ms)
	RebuildNativeTypeToScriptingClass (6ms)
	initialDomainReloadingComplete (23ms)
	LoadAllAssembliesAndSetupDomain (146ms)
		LoadAssemblies (200ms)
		RebuildTransferFunctionScriptingTraits (0ms)
		AnalyzeDomain (9ms)
			TypeCache.Refresh (4ms)
				TypeCache.ScanAssembly (0ms)
			ScanForSourceGeneratedMonoScriptInfo (0ms)
			ResolveRequiredComponents (5ms)
	FinalizeReload (677ms)
		ReleaseScriptCaches (0ms)
		RebuildScriptCaches (0ms)
		SetupLoadedEditorAssemblies (233ms)
			LogAssemblyErrors (0ms)
			InitializePlatformSupportModulesInManaged (3ms)
			SetLoadedEditorAssemblies (2ms)
			RefreshPlugins (0ms)
			BeforeProcessingInitializeOnLoad (38ms)
			ProcessInitializeOnLoadAttributes (168ms)
			ProcessInitializeOnLoadMethodAttributes (17ms)
			AfterProcessingInitializeOnLoad (5ms)
			EditorAssembliesLoaded (0ms)
		ExecutionOrderSort2 (0ms)
		AwakeInstancesAfterBackupRestoration (8ms)
Refreshing native plugins compatible for Editor in 4.16 ms, found 4 plugins.
Preloading 0 native plugins for Editor in 0.00 ms.
Unloading 4331 Unused Serialized files (Serialized files now loaded: 0)
Unloading 39 unused Assets / (107.6 KB). Loaded Objects now: 4846.
Memory consumption went from 152.0 MB to 151.9 MB.
Total: 1.775400 ms (FindLiveObjects: 0.142600 ms CreateObjectMapping: 0.048400 ms MarkObjects: 1.540200 ms  DeleteObjects: 0.043600 ms)

Prepare: number of updated asset objects reloaded= 0
AssetImportParameters requested are different than current active one (requested -> active):
  custom:container-demuxer-ogg: 62fdf1f143b41e24485cea50d1cbac27 -> 
  custom:video-codec-MediaFoundation-h265: 746d11721c4dcdbdad8f713fa42b33f4 -> 
  custom:video-decoder-ogg-theora: a1e56fd34408186e4bbccfd4996cb3dc -> 
  custom:framework-win-MediaFoundation: 216162199b28c13a410421893ffa2e32 -> 
  custom:CustomObjectIndexerAttribute: 9a22284fe3817be447336de3de66b15e -> 
  custom:container-demuxer-webm: 4f35f7cbe854078d1ac9338744f61a02 -> 
  custom:container-muxer-webm: aa71ff27fc2769a1b78a27578f13a17b -> 
  custom:video-decoder-webm-vp8: 9c59270c3fd7afecdb556c50c9e8de78 -> 
  custom:SearchIndexIgnoredProperties: e643bd26f0fe6173181afceb89e7c659 -> 
  custom:AudioImporter_EditorPlatform: d09bf68614088b80899f8185d706f6e7 -> 
  custom:video-encoder-webm-vp8: eb34c28f22e8b96e1ab97ce403110664 -> 
  custom:audio-decoder-ogg-vorbis: bf7c407c2cedff20999df2af8eb42d56 -> 
  custom:audio-encoder-webm-vorbis: bf7c407c2cedff20999df2af8eb42d56 -> 
========================================================================
Received Prepare
Begin MonoManager ReloadAssembly
- Loaded All Assemblies, in  0.302 seconds
Refreshing native plugins compatible for Editor in 4.72 ms, found 4 plugins.
Native extension for WindowsStandalone target not found
[Package Manager] Server::EnsureServerProcessIsRunning -- launch failed, reason: Unity was launched with the -noUpm command-line argument
[Package Manager] UpmClient::Send -- Unable to send message (not connected to UPM process).
[Package Manager] Cannot connect to Unity Package Manager local server
Mono: successfully reloaded assembly
- Finished resetting the current domain, in  0.654 seconds
Domain Reload Profiling: 952ms
	BeginReloadAssembly (107ms)
		ExecutionOrderSort (0ms)
		DisableScriptedObjects (8ms)
		BackupInstance (0ms)
		ReleaseScriptingObjects (0ms)
		CreateAndSetChildDomain (20ms)
	RebuildCommonClasses (25ms)
	RebuildNativeTypeToScriptingClass (10ms)
	initialDomainReloadingComplete (20ms)
	LoadAllAssembliesAndSetupDomain (136ms)
		LoadAssemblies (182ms)
		RebuildTransferFunctionScriptingTraits (0ms)
		AnalyzeDomain (9ms)
			TypeCache.Refresh (4ms)
				TypeCache.ScanAssembly (0ms)
			ScanForSourceGeneratedMonoScriptInfo (0ms)
			ResolveRequiredComponents (5ms)
	FinalizeReload (654ms)
		ReleaseScriptCaches (0ms)
		RebuildScriptCaches (0ms)
		SetupLoadedEditorAssemblies (233ms)
			LogAssemblyErrors (0ms)
			InitializePlatformSupportModulesInManaged (3ms)
			SetLoadedEditorAssemblies (2ms)
			RefreshPlugins (0ms)
			BeforeProcessingInitializeOnLoad (38ms)
			ProcessInitializeOnLoadAttributes (169ms)
			ProcessInitializeOnLoadMethodAttributes (16ms)
			AfterProcessingInitializeOnLoad (6ms)
			EditorAssembliesLoaded (0ms)
		ExecutionOrderSort2 (0ms)
		AwakeInstancesAfterBackupRestoration (9ms)
Refreshing native plugins compatible for Editor in 3.96 ms, found 4 plugins.
Preloading 0 native plugins for Editor in 0.00 ms.
Unloading 4332 Unused Serialized files (Serialized files now loaded: 0)
Unloading 39 unused Assets / (107.7 KB). Loaded Objects now: 4862.
Memory consumption went from 152.3 MB to 152.1 MB.
Total: 1.848700 ms (FindLiveObjects: 0.145200 ms CreateObjectMapping: 0.051600 ms MarkObjects: 1.607500 ms  DeleteObjects: 0.043700 ms)

Prepare: number of updated asset objects reloaded= 0
AssetImportParameters requested are different than current active one (requested -> active):
  custom:container-demuxer-ogg: 62fdf1f143b41e24485cea50d1cbac27 -> 
  custom:video-codec-MediaFoundation-h265: 746d11721c4dcdbdad8f713fa42b33f4 -> 
  custom:video-decoder-ogg-theora: a1e56fd34408186e4bbccfd4996cb3dc -> 
  custom:framework-win-MediaFoundation: 216162199b28c13a410421893ffa2e32 -> 
  custom:CustomObjectIndexerAttribute: 9a22284fe3817be447336de3de66b15e -> 
  custom:container-demuxer-webm: 4f35f7cbe854078d1ac9338744f61a02 -> 
  custom:container-muxer-webm: aa71ff27fc2769a1b78a27578f13a17b -> 
  custom:video-decoder-webm-vp8: 9c59270c3fd7afecdb556c50c9e8de78 -> 
  custom:SearchIndexIgnoredProperties: e643bd26f0fe6173181afceb89e7c659 -> 
  custom:AudioImporter_EditorPlatform: d09bf68614088b80899f8185d706f6e7 -> 
  custom:video-encoder-webm-vp8: eb34c28f22e8b96e1ab97ce403110664 -> 
  custom:audio-decoder-ogg-vorbis: bf7c407c2cedff20999df2af8eb42d56 -> 
  custom:audio-encoder-webm-vorbis: bf7c407c2cedff20999df2af8eb42d56 -> 
========================================================================
Received Prepare
Begin MonoManager ReloadAssembly
- Loaded All Assemblies, in  0.327 seconds
Refreshing native plugins compatible for Editor in 4.77 ms, found 4 plugins.
Native extension for WindowsStandalone target not found
[Package Manager] Server::EnsureServerProcessIsRunning -- launch failed, reason: Unity was launched with the -noUpm command-line argument
[Package Manager] UpmClient::Send -- Unable to send message (not connected to UPM process).
[Package Manager] Cannot connect to Unity Package Manager local server
Mono: successfully reloaded assembly
- Finished resetting the current domain, in  0.642 seconds
Domain Reload Profiling: 964ms
	BeginReloadAssembly (112ms)
		ExecutionOrderSort (0ms)
		DisableScriptedObjects (6ms)
		BackupInstance (0ms)
		ReleaseScriptingObjects (0ms)
		CreateAndSetChildDomain (20ms)
	RebuildCommonClasses (20ms)
	RebuildNativeTypeToScriptingClass (7ms)
	initialDomainReloadingComplete (21ms)
	LoadAllAssembliesAndSetupDomain (163ms)
		LoadAssemblies (206ms)
		RebuildTransferFunctionScriptingTraits (0ms)
		AnalyzeDomain (18ms)
			TypeCache.Refresh (6ms)
				TypeCache.ScanAssembly (0ms)
			ScanForSourceGeneratedMonoScriptInfo (7ms)
			ResolveRequiredComponents (4ms)
	FinalizeReload (642ms)
		ReleaseScriptCaches (0ms)
		RebuildScriptCaches (0ms)
		SetupLoadedEditorAssemblies (230ms)
			LogAssemblyErrors (0ms)
			InitializePlatformSupportModulesInManaged (3ms)
			SetLoadedEditorAssemblies (2ms)
			RefreshPlugins (0ms)
			BeforeProcessingInitializeOnLoad (38ms)
			ProcessInitializeOnLoadAttributes (166ms)
			ProcessInitializeOnLoadMethodAttributes (16ms)
			AfterProcessingInitializeOnLoad (5ms)
			EditorAssembliesLoaded (0ms)
		ExecutionOrderSort2 (0ms)
		AwakeInstancesAfterBackupRestoration (8ms)
Refreshing native plugins compatible for Editor in 4.12 ms, found 4 plugins.
Preloading 0 native plugins for Editor in 0.00 ms.
Unloading 4331 Unused Serialized files (Serialized files now loaded: 0)
Unloading 40 unused Assets / (108.4 KB). Loaded Objects now: 4877.
Memory consumption went from 152.2 MB to 152.1 MB.
Total: 1.888800 ms (FindLiveObjects: 0.145900 ms CreateObjectMapping: 0.052100 ms MarkObjects: 1.641800 ms  DeleteObjects: 0.048300 ms)

Prepare: number of updated asset objects reloaded= 0
AssetImportParameters requested are different than current active one (requested -> active):
  custom:container-demuxer-ogg: 62fdf1f143b41e24485cea50d1cbac27 -> 
  custom:video-codec-MediaFoundation-h265: 746d11721c4dcdbdad8f713fa42b33f4 -> 
  custom:video-decoder-ogg-theora: a1e56fd34408186e4bbccfd4996cb3dc -> 
  custom:framework-win-MediaFoundation: 216162199b28c13a410421893ffa2e32 -> 
  custom:CustomObjectIndexerAttribute: 9a22284fe3817be447336de3de66b15e -> 
  custom:container-demuxer-webm: 4f35f7cbe854078d1ac9338744f61a02 -> 
  custom:container-muxer-webm: aa71ff27fc2769a1b78a27578f13a17b -> 
  custom:video-decoder-webm-vp8: 9c59270c3fd7afecdb556c50c9e8de78 -> 
  custom:SearchIndexIgnoredProperties: e643bd26f0fe6173181afceb89e7c659 -> 
  custom:AudioImporter_EditorPlatform: d09bf68614088b80899f8185d706f6e7 -> 
  custom:video-encoder-webm-vp8: eb34c28f22e8b96e1ab97ce403110664 -> 
  custom:audio-decoder-ogg-vorbis: bf7c407c2cedff20999df2af8eb42d56 -> 
  custom:audio-encoder-webm-vorbis: bf7c407c2cedff20999df2af8eb42d56 -> 
========================================================================
Received Prepare
Begin MonoManager ReloadAssembly
- Loaded All Assemblies, in  0.298 seconds
Refreshing native plugins compatible for Editor in 5.46 ms, found 4 plugins.
Native extension for WindowsStandalone target not found
[Package Manager] Server::EnsureServerProcessIsRunning -- launch failed, reason: Unity was launched with the -noUpm command-line argument
[Package Manager] UpmClient::Send -- Unable to send message (not connected to UPM process).
[Package Manager] Cannot connect to Unity Package Manager local server
Mono: successfully reloaded assembly
- Finished resetting the current domain, in  0.635 seconds
Domain Reload Profiling: 928ms
	BeginReloadAssembly (107ms)
		ExecutionOrderSort (0ms)
		DisableScriptedObjects (6ms)
		BackupInstance (0ms)
		ReleaseScriptingObjects (0ms)
		CreateAndSetChildDomain (19ms)
	RebuildCommonClasses (19ms)
	RebuildNativeTypeToScriptingClass (6ms)
	initialDomainReloadingComplete (21ms)
	LoadAllAssembliesAndSetupDomain (140ms)
		LoadAssemblies (190ms)
		RebuildTransferFunctionScriptingTraits (0ms)
		AnalyzeDomain (9ms)
			TypeCache.Refresh (4ms)
				TypeCache.ScanAssembly (0ms)
			ScanForSourceGeneratedMonoScriptInfo (0ms)
			ResolveRequiredComponents (4ms)
	FinalizeReload (635ms)
		ReleaseScriptCaches (0ms)
		RebuildScriptCaches (0ms)
		SetupLoadedEditorAssemblies (229ms)
			LogAssemblyErrors (0ms)
			InitializePlatformSupportModulesInManaged (3ms)
			SetLoadedEditorAssemblies (2ms)
			RefreshPlugins (0ms)
			BeforeProcessingInitializeOnLoad (37ms)
			ProcessInitializeOnLoadAttributes (164ms)
			ProcessInitializeOnLoadMethodAttributes (16ms)
			AfterProcessingInitializeOnLoad (7ms)
			EditorAssembliesLoaded (0ms)
		ExecutionOrderSort2 (0ms)
		AwakeInstancesAfterBackupRestoration (9ms)
Refreshing native plugins compatible for Editor in 4.92 ms, found 4 plugins.
Preloading 0 native plugins for Editor in 0.00 ms.
Unloading 4331 Unused Serialized files (Serialized files now loaded: 0)
Unloading 39 unused Assets / (107.6 KB). Loaded Objects now: 4893.
Memory consumption went from 152.3 MB to 152.2 MB.
Total: 1.829200 ms (FindLiveObjects: 0.139000 ms CreateObjectMapping: 0.051700 ms MarkObjects: 1.589700 ms  DeleteObjects: 0.048000 ms)

Prepare: number of updated asset objects reloaded= 0
AssetImportParameters requested are different than current active one (requested -> active):
  custom:container-demuxer-ogg: 62fdf1f143b41e24485cea50d1cbac27 -> 
  custom:video-codec-MediaFoundation-h265: 746d11721c4dcdbdad8f713fa42b33f4 -> 
  custom:video-decoder-ogg-theora: a1e56fd34408186e4bbccfd4996cb3dc -> 
  custom:framework-win-MediaFoundation: 216162199b28c13a410421893ffa2e32 -> 
  custom:CustomObjectIndexerAttribute: 9a22284fe3817be447336de3de66b15e -> 
  custom:container-demuxer-webm: 4f35f7cbe854078d1ac9338744f61a02 -> 
  custom:container-muxer-webm: aa71ff27fc2769a1b78a27578f13a17b -> 
  custom:video-decoder-webm-vp8: 9c59270c3fd7afecdb556c50c9e8de78 -> 
  custom:SearchIndexIgnoredProperties: e643bd26f0fe6173181afceb89e7c659 -> 
  custom:AudioImporter_EditorPlatform: d09bf68614088b80899f8185d706f6e7 -> 
  custom:video-encoder-webm-vp8: eb34c28f22e8b96e1ab97ce403110664 -> 
  custom:audio-decoder-ogg-vorbis: bf7c407c2cedff20999df2af8eb42d56 -> 
  custom:audio-encoder-webm-vorbis: bf7c407c2cedff20999df2af8eb42d56 -> 
========================================================================
Received Prepare
Begin MonoManager ReloadAssembly
- Loaded All Assemblies, in  0.394 seconds
Refreshing native plugins compatible for Editor in 4.01 ms, found 4 plugins.
Native extension for WindowsStandalone target not found
[Package Manager] Server::EnsureServerProcessIsRunning -- launch failed, reason: Unity was launched with the -noUpm command-line argument
[Package Manager] UpmClient::Send -- Unable to send message (not connected to UPM process).
[Package Manager] Cannot connect to Unity Package Manager local server
Mono: successfully reloaded assembly
- Finished resetting the current domain, in  0.816 seconds
Domain Reload Profiling: 1202ms
	BeginReloadAssembly (140ms)
		ExecutionOrderSort (0ms)
		DisableScriptedObjects (6ms)
		BackupInstance (0ms)
		ReleaseScriptingObjects (0ms)
		CreateAndSetChildDomain (22ms)
	RebuildCommonClasses (24ms)
	RebuildNativeTypeToScriptingClass (6ms)
	initialDomainReloadingComplete (27ms)
	LoadAllAssembliesAndSetupDomain (189ms)
		LoadAssemblies (264ms)
		RebuildTransferFunctionScriptingTraits (0ms)
		AnalyzeDomain (10ms)
			TypeCache.Refresh (5ms)
				TypeCache.ScanAssembly (0ms)
			ScanForSourceGeneratedMonoScriptInfo (0ms)
			ResolveRequiredComponents (5ms)
	FinalizeReload (816ms)
		ReleaseScriptCaches (0ms)
		RebuildScriptCaches (0ms)
		SetupLoadedEditorAssemblies (278ms)
			LogAssemblyErrors (0ms)
			InitializePlatformSupportModulesInManaged (4ms)
			SetLoadedEditorAssemblies (2ms)
			RefreshPlugins (0ms)
			BeforeProcessingInitializeOnLoad (50ms)
			ProcessInitializeOnLoadAttributes (190ms)
			ProcessInitializeOnLoadMethodAttributes (27ms)
			AfterProcessingInitializeOnLoad (6ms)
			EditorAssembliesLoaded (0ms)
		ExecutionOrderSort2 (0ms)
		AwakeInstancesAfterBackupRestoration (7ms)
Refreshing native plugins compatible for Editor in 3.91 ms, found 4 plugins.
Preloading 0 native plugins for Editor in 0.00 ms.
Unloading 4331 Unused Serialized files (Serialized files now loaded: 0)
Unloading 39 unused Assets / (107.6 KB). Loaded Objects now: 4909.
Memory consumption went from 152.3 MB to 152.2 MB.
Total: 3.255400 ms (FindLiveObjects: 0.230800 ms CreateObjectMapping: 0.091900 ms MarkObjects: 2.871700 ms  DeleteObjects: 0.060300 ms)

Prepare: number of updated asset objects reloaded= 0
AssetImportParameters requested are different than current active one (requested -> active):
  custom:container-demuxer-ogg: 62fdf1f143b41e24485cea50d1cbac27 -> 
  custom:video-codec-MediaFoundation-h265: 746d11721c4dcdbdad8f713fa42b33f4 -> 
  custom:video-decoder-ogg-theora: a1e56fd34408186e4bbccfd4996cb3dc -> 
  custom:framework-win-MediaFoundation: 216162199b28c13a410421893ffa2e32 -> 
  custom:CustomObjectIndexerAttribute: 9a22284fe3817be447336de3de66b15e -> 
  custom:container-demuxer-webm: 4f35f7cbe854078d1ac9338744f61a02 -> 
  custom:container-muxer-webm: aa71ff27fc2769a1b78a27578f13a17b -> 
  custom:video-decoder-webm-vp8: 9c59270c3fd7afecdb556c50c9e8de78 -> 
  custom:SearchIndexIgnoredProperties: e643bd26f0fe6173181afceb89e7c659 -> 
  custom:AudioImporter_EditorPlatform: d09bf68614088b80899f8185d706f6e7 -> 
  custom:video-encoder-webm-vp8: eb34c28f22e8b96e1ab97ce403110664 -> 
  custom:audio-decoder-ogg-vorbis: bf7c407c2cedff20999df2af8eb42d56 -> 
  custom:audio-encoder-webm-vorbis: bf7c407c2cedff20999df2af8eb42d56 -> 
========================================================================
Received Import Request.
  Time since last request: 994.248509 seconds.
  path: Assets/sprites/v1.1 dungeon crawler 16X16 pixel pack/heroes/knight/knight_idle_anim_f1.png
  artifactKey: Guid(b8e19a93ab8ced444b5cb9dd14ba4902) Importer(815301076,1909f56bfc062723c751e8b465ee728b)
Start importing Assets/sprites/v1.1 dungeon crawler 16X16 pixel pack/heroes/knight/knight_idle_anim_f1.png using Guid(b8e19a93ab8ced444b5cb9dd14ba4902) Importer(815301076,1909f56bfc062723c751e8b465ee728b) [PhysX] Initialized MultithreadedTaskDispatcher with 24 workers.
[PhysX] Initialized MultithreadedTaskDispatcher with 24 workers.
 -> (artifact id: 'f9a5920327cc421834280a1809d28e6d') in 0.041277 seconds
Number of updated asset objects reloaded before import = 0
Number of asset objects unloaded after import = 3
========================================================================
Received Import Request.
  Time since last request: 0.000012 seconds.
  path: Assets/sprites/v1.1 dungeon crawler 16X16 pixel pack/heroes/knight/knight_idle_anim_f4.png
  artifactKey: Guid(a109b54bd8cfac84eb0ed39a96b4b993) Importer(815301076,1909f56bfc062723c751e8b465ee728b)
Start importing Assets/sprites/v1.1 dungeon crawler 16X16 pixel pack/heroes/knight/knight_idle_anim_f4.png using Guid(a109b54bd8cfac84eb0ed39a96b4b993) Importer(815301076,1909f56bfc062723c751e8b465ee728b) [PhysX] Initialized MultithreadedTaskDispatcher with 24 workers.
[PhysX] Initialized MultithreadedTaskDispatcher with 24 workers.
 -> (artifact id: 'a2db884d27f5ee09708b47a7fc7c47d8') in 0.009296 seconds
Number of updated asset objects reloaded before import = 0
Number of asset objects unloaded after import = 3
========================================================================
Received Import Request.
  Time since last request: 0.000009 seconds.
  path: Assets/sprites/v1.1 dungeon crawler 16X16 pixel pack/heroes/knight/knight_idle_anim_f3.png
  artifactKey: Guid(68d2d7a5e856c9340936a2931fd98f53) Importer(815301076,1909f56bfc062723c751e8b465ee728b)
Start importing Assets/sprites/v1.1 dungeon crawler 16X16 pixel pack/heroes/knight/knight_idle_anim_f3.png using Guid(68d2d7a5e856c9340936a2931fd98f53) Importer(815301076,1909f56bfc062723c751e8b465ee728b) [PhysX] Initialized MultithreadedTaskDispatcher with 24 workers.
[PhysX] Initialized MultithreadedTaskDispatcher with 24 workers.
 -> (artifact id: '1a399d7ecaa12253f94d54ec99bfd7c9') in 0.034168 seconds
Number of updated asset objects reloaded before import = 0
Number of asset objects unloaded after import = 3
========================================================================
Received Import Request.
  Time since last request: 0.000011 seconds.
  path: Assets/sprites/v1.1 dungeon crawler 16X16 pixel pack/heroes/knight/knight_idle_anim_f2.png
  artifactKey: Guid(a1d026697a66ae3478fe87429264f605) Importer(815301076,1909f56bfc062723c751e8b465ee728b)
Start importing Assets/sprites/v1.1 dungeon crawler 16X16 pixel pack/heroes/knight/knight_idle_anim_f2.png using Guid(a1d026697a66ae3478fe87429264f605) Importer(815301076,1909f56bfc062723c751e8b465ee728b) [PhysX] Initialized MultithreadedTaskDispatcher with 24 workers.
[PhysX] Initialized MultithreadedTaskDispatcher with 24 workers.
 -> (artifact id: '657b40365879bf03519afa6508654174') in 0.032120 seconds
Number of updated asset objects reloaded before import = 0
Number of asset objects unloaded after import = 3
========================================================================
Received Import Request.
  Time since last request: 0.000012 seconds.
  path: Assets/sprites/v1.1 dungeon crawler 16X16 pixel pack/heroes/knight/knight_run_anim_f3.png
  artifactKey: Guid(e7cae06498c2ecd47834188a29cfde50) Importer(815301076,1909f56bfc062723c751e8b465ee728b)
Start importing Assets/sprites/v1.1 dungeon crawler 16X16 pixel pack/heroes/knight/knight_run_anim_f3.png using Guid(e7cae06498c2ecd47834188a29cfde50) Importer(815301076,1909f56bfc062723c751e8b465ee728b) [PhysX] Initialized MultithreadedTaskDispatcher with 24 workers.
[PhysX] Initialized MultithreadedTaskDispatcher with 24 workers.
 -> (artifact id: 'ff0a25c57d99ec38559060fb8fe4e306') in 0.030620 seconds
Number of updated asset objects reloaded before import = 0
Number of asset objects unloaded after import = 3
========================================================================
Received Import Request.
  Time since last request: 0.000012 seconds.
  path: Assets/sprites/v1.1 dungeon crawler 16X16 pixel pack/heroes/knight/knight_run_anim_f5.png
  artifactKey: Guid(00e9429f9fd7ee845a2c2d1c7bc7ce39) Importer(815301076,1909f56bfc062723c751e8b465ee728b)
Start importing Assets/sprites/v1.1 dungeon crawler 16X16 pixel pack/heroes/knight/knight_run_anim_f5.png using Guid(00e9429f9fd7ee845a2c2d1c7bc7ce39) Importer(815301076,1909f56bfc062723c751e8b465ee728b) [PhysX] Initialized MultithreadedTaskDispatcher with 24 workers.
[PhysX] Initialized MultithreadedTaskDispatcher with 24 workers.
 -> (artifact id: '275172c1661d42cf6bcfa76861507cf7') in 0.037914 seconds
Number of updated asset objects reloaded before import = 0
Number of asset objects unloaded after import = 3
========================================================================
Received Import Request.
  Time since last request: 0.000013 seconds.
  path: Assets/sprites/v1.1 dungeon crawler 16X16 pixel pack/heroes/knight/knight_run_spritesheet.png
  artifactKey: Guid(78a7a3e97c23d2f44a79b9390787498b) Importer(815301076,1909f56bfc062723c751e8b465ee728b)
Start importing Assets/sprites/v1.1 dungeon crawler 16X16 pixel pack/heroes/knight/knight_run_spritesheet.png using Guid(78a7a3e97c23d2f44a79b9390787498b) Importer(815301076,1909f56bfc062723c751e8b465ee728b) [PhysX] Initialized MultithreadedTaskDispatcher with 24 workers.
[PhysX] Initialized MultithreadedTaskDispatcher with 24 workers.
 -> (artifact id: 'c25fb791e8985565e4097fec572c4c2d') in 0.008171 seconds
Number of updated asset objects reloaded before import = 0
Number of asset objects unloaded after import = 3
========================================================================
Received Import Request.
  Time since last request: 0.000017 seconds.
  path: Assets/sprites/v1.1 dungeon crawler 16X16 pixel pack/heroes/knight/knight_run_anim_f4.png
  artifactKey: Guid(1f77129f551db244aaac67894874f330) Importer(815301076,1909f56bfc062723c751e8b465ee728b)
Start importing Assets/sprites/v1.1 dungeon crawler 16X16 pixel pack/heroes/knight/knight_run_anim_f4.png using Guid(1f77129f551db244aaac67894874f330) Importer(815301076,1909f56bfc062723c751e8b465ee728b) [PhysX] Initialized MultithreadedTaskDispatcher with 24 workers.
[PhysX] Initialized MultithreadedTaskDispatcher with 24 workers.
 -> (artifact id: '104eb249acfa179154ac916bd7be939f') in 0.004300 seconds
Number of updated asset objects reloaded before import = 0
Number of asset objects unloaded after import = 3
========================================================================
Received Import Request.
  Time since last request: 3.385672 seconds.
  path: Assets/sprites/v1.1 dungeon crawler 16X16 pixel pack/effects (new)/enemy_afterdead_explosion_anim_f1.png
  artifactKey: Guid(a88cc4577a8b5584c8983ea9d6616558) Importer(815301076,1909f56bfc062723c751e8b465ee728b)
Start importing Assets/sprites/v1.1 dungeon crawler 16X16 pixel pack/effects (new)/enemy_afterdead_explosion_anim_f1.png using Guid(a88cc4577a8b5584c8983ea9d6616558) Importer(815301076,1909f56bfc062723c751e8b465ee728b) [PhysX] Initialized MultithreadedTaskDispatcher with 24 workers.
[PhysX] Initialized MultithreadedTaskDispatcher with 24 workers.
 -> (artifact id: 'c5cba94cefcde5987cf565e1a8c27f42') in 0.004501 seconds
Number of updated asset objects reloaded before import = 0
Number of asset objects unloaded after import = 3
========================================================================
Received Import Request.
  Time since last request: 0.000010 seconds.
  path: Assets/sprites/v1.1 dungeon crawler 16X16 pixel pack/effects (new)/explosion_anim_f2.png
  artifactKey: Guid(681d463785b3eaf45a51edc7635d9906) Importer(815301076,1909f56bfc062723c751e8b465ee728b)
Start importing Assets/sprites/v1.1 dungeon crawler 16X16 pixel pack/effects (new)/explosion_anim_f2.png using Guid(681d463785b3eaf45a51edc7635d9906) Importer(815301076,1909f56bfc062723c751e8b465ee728b) [PhysX] Initialized MultithreadedTaskDispatcher with 24 workers.
[PhysX] Initialized MultithreadedTaskDispatcher with 24 workers.
 -> (artifact id: 'a54c7e388050445ac3f375aea61753dd') in 0.004465 seconds
Number of updated asset objects reloaded before import = 0
Number of asset objects unloaded after import = 3
========================================================================
Received Import Request.
  Time since last request: 0.000015 seconds.
  path: Assets/sprites/v1.1 dungeon crawler 16X16 pixel pack/effects (new)/explosion_anim_f6.png
  artifactKey: Guid(3b4bf7db2abcffd4d88cd1e5b45ba363) Importer(815301076,1909f56bfc062723c751e8b465ee728b)
Start importing Assets/sprites/v1.1 dungeon crawler 16X16 pixel pack/effects (new)/explosion_anim_f6.png using Guid(3b4bf7db2abcffd4d88cd1e5b45ba363) Importer(815301076,1909f56bfc062723c751e8b465ee728b) [PhysX] Initialized MultithreadedTaskDispatcher with 24 workers.
[PhysX] Initialized MultithreadedTaskDispatcher with 24 workers.
 -> (artifact id: 'd5b3cface63478705f76b6f28420b56b') in 0.004177 seconds
Number of updated asset objects reloaded before import = 0
Number of asset objects unloaded after import = 3
========================================================================
Received Import Request.
  Time since last request: 0.000013 seconds.
  path: Assets/sprites/v1.1 dungeon crawler 16X16 pixel pack/effects (new)/slash_effect_anim_f2.png
  artifactKey: Guid(6b2bd8ed623db034987694303e4ccc31) Importer(815301076,1909f56bfc062723c751e8b465ee728b)
Start importing Assets/sprites/v1.1 dungeon crawler 16X16 pixel pack/effects (new)/slash_effect_anim_f2.png using Guid(6b2bd8ed623db034987694303e4ccc31) Importer(815301076,1909f56bfc062723c751e8b465ee728b) [PhysX] Initialized MultithreadedTaskDispatcher with 24 workers.
[PhysX] Initialized MultithreadedTaskDispatcher with 24 workers.
 -> (artifact id: 'd9b83d1ddf714d487dbf0b557babf80a') in 0.004702 seconds
Number of updated asset objects reloaded before import = 0
Number of asset objects unloaded after import = 3
========================================================================
Received Import Request.
  Time since last request: 0.000015 seconds.
  path: Assets/sprites/v1.1 dungeon crawler 16X16 pixel pack/effects (new)/hit_effect_anim_spritesheet.png
  artifactKey: Guid(d888b22b11abe3941adb8ec1eb8ff07e) Importer(815301076,1909f56bfc062723c751e8b465ee728b)
Start importing Assets/sprites/v1.1 dungeon crawler 16X16 pixel pack/effects (new)/hit_effect_anim_spritesheet.png using Guid(d888b22b11abe3941adb8ec1eb8ff07e) Importer(815301076,1909f56bfc062723c751e8b465ee728b) [PhysX] Initialized MultithreadedTaskDispatcher with 24 workers.
[PhysX] Initialized MultithreadedTaskDispatcher with 24 workers.
 -> (artifact id: '681ee1962b333d21d4f0501bb9b5d02a') in 0.006494 seconds
Number of updated asset objects reloaded before import = 0
Number of asset objects unloaded after import = 3
========================================================================
Received Import Request.
  Time since last request: 0.000026 seconds.
  path: Assets/sprites/v1.1 dungeon crawler 16X16 pixel pack/effects (new)/explosion_anim_f0.png
  artifactKey: Guid(65d4b5839f4163a4681f860cd39b515f) Importer(815301076,1909f56bfc062723c751e8b465ee728b)
Start importing Assets/sprites/v1.1 dungeon crawler 16X16 pixel pack/effects (new)/explosion_anim_f0.png using Guid(65d4b5839f4163a4681f860cd39b515f) Importer(815301076,1909f56bfc062723c751e8b465ee728b) [PhysX] Initialized MultithreadedTaskDispatcher with 24 workers.
[PhysX] Initialized MultithreadedTaskDispatcher with 24 workers.
 -> (artifact id: 'd3d09729a2229f380a13f794f1e7d28c') in 0.004599 seconds
Number of updated asset objects reloaded before import = 0
Number of asset objects unloaded after import = 3
========================================================================
Received Import Request.
  Time since last request: 0.000014 seconds.
  path: Assets/sprites/v1.1 dungeon crawler 16X16 pixel pack/effects (new)/enemy_afterdead_explosion_anim_spritesheet.png
  artifactKey: Guid(616e2f1603076b040ac6622b04968d23) Importer(815301076,1909f56bfc062723c751e8b465ee728b)
Start importing Assets/sprites/v1.1 dungeon crawler 16X16 pixel pack/effects (new)/enemy_afterdead_explosion_anim_spritesheet.png using Guid(616e2f1603076b040ac6622b04968d23) Importer(815301076,1909f56bfc062723c751e8b465ee728b) [PhysX] Initialized MultithreadedTaskDispatcher with 24 workers.
[PhysX] Initialized MultithreadedTaskDispatcher with 24 workers.
 -> (artifact id: '851bb23373e5a621a89e88e0a2b7fb80') in 0.006569 seconds
Number of updated asset objects reloaded before import = 0
Number of asset objects unloaded after import = 3
========================================================================
Received Import Request.
  Time since last request: 0.000016 seconds.
  path: Assets/sprites/v1.1 dungeon crawler 16X16 pixel pack/effects (new)/explosion_anim_f4.png
  artifactKey: Guid(662aa2fd8e5d54e41b492d1f57960368) Importer(815301076,1909f56bfc062723c751e8b465ee728b)
Start importing Assets/sprites/v1.1 dungeon crawler 16X16 pixel pack/effects (new)/explosion_anim_f4.png using Guid(662aa2fd8e5d54e41b492d1f57960368) Importer(815301076,1909f56bfc062723c751e8b465ee728b) [PhysX] Initialized MultithreadedTaskDispatcher with 24 workers.
[PhysX] Initialized MultithreadedTaskDispatcher with 24 workers.
 -> (artifact id: '27e769b700c8a33876d41e0226152931') in 0.005674 seconds
Number of updated asset objects reloaded before import = 0
Number of asset objects unloaded after import = 3
========================================================================
Received Import Request.
  Time since last request: 0.000011 seconds.
  path: Assets/sprites/v1.1 dungeon crawler 16X16 pixel pack/effects (new)/slash_effect_anim_f0.png
  artifactKey: Guid(729da0f4950d3ab48b0ab7943bb8b60a) Importer(815301076,1909f56bfc062723c751e8b465ee728b)
Start importing Assets/sprites/v1.1 dungeon crawler 16X16 pixel pack/effects (new)/slash_effect_anim_f0.png using Guid(729da0f4950d3ab48b0ab7943bb8b60a) Importer(815301076,1909f56bfc062723c751e8b465ee728b) [PhysX] Initialized MultithreadedTaskDispatcher with 24 workers.
[PhysX] Initialized MultithreadedTaskDispatcher with 24 workers.
 -> (artifact id: 'da2aa7dc5a4755eed3afb89188302dbe') in 0.004095 seconds
Number of updated asset objects reloaded before import = 0
Number of asset objects unloaded after import = 3
========================================================================
Received Import Request.
  Time since last request: 0.000013 seconds.
  path: Assets/sprites/v1.1 dungeon crawler 16X16 pixel pack/effects (new)/slash_effect_anim_f1.png
  artifactKey: Guid(1f7893f31dc27fe46b1ecdf879728f70) Importer(815301076,1909f56bfc062723c751e8b465ee728b)
Start importing Assets/sprites/v1.1 dungeon crawler 16X16 pixel pack/effects (new)/slash_effect_anim_f1.png using Guid(1f7893f31dc27fe46b1ecdf879728f70) Importer(815301076,1909f56bfc062723c751e8b465ee728b) [PhysX] Initialized MultithreadedTaskDispatcher with 24 workers.
[PhysX] Initialized MultithreadedTaskDispatcher with 24 workers.
 -> (artifact id: '147475ac8feb19685d3064150fbd7aec') in 0.005115 seconds
Number of updated asset objects reloaded before import = 0
Number of asset objects unloaded after import = 3
========================================================================
Received Import Request.
  Time since last request: 10.463200 seconds.
  path: Assets/sprites/v1.1 dungeon crawler 16X16 pixel pack/props_itens/bomb_anim_f0.png
  artifactKey: Guid(f360829eaef5cb344be26ac13504f541) Importer(815301076,1909f56bfc062723c751e8b465ee728b)
Start importing Assets/sprites/v1.1 dungeon crawler 16X16 pixel pack/props_itens/bomb_anim_f0.png using Guid(f360829eaef5cb344be26ac13504f541) Importer(815301076,1909f56bfc062723c751e8b465ee728b) [PhysX] Initialized MultithreadedTaskDispatcher with 24 workers.
[PhysX] Initialized MultithreadedTaskDispatcher with 24 workers.
 -> (artifact id: 'c9ca7049232a5e9890d0bf1ef84d33a0') in 0.003933 seconds
Number of updated asset objects reloaded before import = 0
Number of asset objects unloaded after import = 3
========================================================================
Received Import Request.
  Time since last request: 0.000010 seconds.
  path: Assets/sprites/v1.1 dungeon crawler 16X16 pixel pack/props_itens/bomb_anim_f2.png
  artifactKey: Guid(4a4be78d550f3db4cb34ee8c44be1f52) Importer(815301076,1909f56bfc062723c751e8b465ee728b)
Start importing Assets/sprites/v1.1 dungeon crawler 16X16 pixel pack/props_itens/bomb_anim_f2.png using Guid(4a4be78d550f3db4cb34ee8c44be1f52) Importer(815301076,1909f56bfc062723c751e8b465ee728b) [PhysX] Initialized MultithreadedTaskDispatcher with 24 workers.
[PhysX] Initialized MultithreadedTaskDispatcher with 24 workers.
 -> (artifact id: 'c64ca322fab6d881fe1968fcfdb2b8d7') in 0.003498 seconds
Number of updated asset objects reloaded before import = 0
Number of asset objects unloaded after import = 3
========================================================================
Received Import Request.
  Time since last request: 0.000009 seconds.
  path: Assets/sprites/v1.1 dungeon crawler 16X16 pixel pack/props_itens/bookshelf.png
  artifactKey: Guid(d0e641fdcc6e10e4195b8ceca5e3fdc8) Importer(815301076,1909f56bfc062723c751e8b465ee728b)
Start importing Assets/sprites/v1.1 dungeon crawler 16X16 pixel pack/props_itens/bookshelf.png using Guid(d0e641fdcc6e10e4195b8ceca5e3fdc8) Importer(815301076,1909f56bfc062723c751e8b465ee728b) [PhysX] Initialized MultithreadedTaskDispatcher with 24 workers.
[PhysX] Initialized MultithreadedTaskDispatcher with 24 workers.
 -> (artifact id: 'bc553841774db2e840e7ced22e98a94d') in 0.004710 seconds
Number of updated asset objects reloaded before import = 0
Number of asset objects unloaded after import = 3
========================================================================
Received Import Request.
  Time since last request: 0.000010 seconds.
  path: Assets/sprites/v1.1 dungeon crawler 16X16 pixel pack/props_itens/bomb_anim_f7.png
  artifactKey: Guid(4627512263d47d542b5ad09601f74a25) Importer(815301076,1909f56bfc062723c751e8b465ee728b)
Start importing Assets/sprites/v1.1 dungeon crawler 16X16 pixel pack/props_itens/bomb_anim_f7.png using Guid(4627512263d47d542b5ad09601f74a25) Importer(815301076,1909f56bfc062723c751e8b465ee728b) [PhysX] Initialized MultithreadedTaskDispatcher with 24 workers.
[PhysX] Initialized MultithreadedTaskDispatcher with 24 workers.
 -> (artifact id: 'b54418da593484b970d620271a6d035d') in 0.003980 seconds
Number of updated asset objects reloaded before import = 0
Number of asset objects unloaded after import = 3
========================================================================
Received Import Request.
  Time since last request: 0.000013 seconds.
  path: Assets/sprites/v1.1 dungeon crawler 16X16 pixel pack/props_itens/torch_anim_f0.png
  artifactKey: Guid(5b83a557d9327de4a84859baa54ec0b3) Importer(815301076,1909f56bfc062723c751e8b465ee728b)
Start importing Assets/sprites/v1.1 dungeon crawler 16X16 pixel pack/props_itens/torch_anim_f0.png using Guid(5b83a557d9327de4a84859baa54ec0b3) Importer(815301076,1909f56bfc062723c751e8b465ee728b) [PhysX] Initialized MultithreadedTaskDispatcher with 24 workers.
[PhysX] Initialized MultithreadedTaskDispatcher with 24 workers.
 -> (artifact id: '1d1784d002d9139e96847c060da998b8') in 0.004734 seconds
Number of updated asset objects reloaded before import = 0
Number of asset objects unloaded after import = 3
========================================================================
Received Import Request.
  Time since last request: 0.000011 seconds.
  path: Assets/sprites/v1.1 dungeon crawler 16X16 pixel pack/props_itens/flag_red.png
  artifactKey: Guid(4c0174213b6cf8842b2356a047baa838) Importer(815301076,1909f56bfc062723c751e8b465ee728b)
Start importing Assets/sprites/v1.1 dungeon crawler 16X16 pixel pack/props_itens/flag_red.png using Guid(4c0174213b6cf8842b2356a047baa838) Importer(815301076,1909f56bfc062723c751e8b465ee728b) [PhysX] Initialized MultithreadedTaskDispatcher with 24 workers.
[PhysX] Initialized MultithreadedTaskDispatcher with 24 workers.
 -> (artifact id: 'de9a2ad9b5d975e75447bca41bb8bc67') in 0.004097 seconds
Number of updated asset objects reloaded before import = 0
Number of asset objects unloaded after import = 3
========================================================================
Received Import Request.
  Time since last request: 0.000011 seconds.
  path: Assets/sprites/v1.1 dungeon crawler 16X16 pixel pack/props_itens/flag_green.png
  artifactKey: Guid(bca7770f17e0be949b4d5c208e7bc884) Importer(815301076,1909f56bfc062723c751e8b465ee728b)
Start importing Assets/sprites/v1.1 dungeon crawler 16X16 pixel pack/props_itens/flag_green.png using Guid(bca7770f17e0be949b4d5c208e7bc884) Importer(815301076,1909f56bfc062723c751e8b465ee728b) [PhysX] Initialized MultithreadedTaskDispatcher with 24 workers.
[PhysX] Initialized MultithreadedTaskDispatcher with 24 workers.
 -> (artifact id: '9ede27e5fd7eb2ece41cd3110ec1617c') in 0.004280 seconds
Number of updated asset objects reloaded before import = 0
Number of asset objects unloaded after import = 3
========================================================================
Received Import Request.
  Time since last request: 0.000013 seconds.
  path: Assets/sprites/v1.1 dungeon crawler 16X16 pixel pack/props_itens/bomb_anim_f6.png
  artifactKey: Guid(cbf12dda3e4d58f46bcbfb61a607a431) Importer(815301076,1909f56bfc062723c751e8b465ee728b)
Start importing Assets/sprites/v1.1 dungeon crawler 16X16 pixel pack/props_itens/bomb_anim_f6.png using Guid(cbf12dda3e4d58f46bcbfb61a607a431) Importer(815301076,1909f56bfc062723c751e8b465ee728b) [PhysX] Initialized MultithreadedTaskDispatcher with 24 workers.
[PhysX] Initialized MultithreadedTaskDispatcher with 24 workers.
 -> (artifact id: '2f89ae30b438ba6445e1e98f5ef60d7d') in 0.003765 seconds
Number of updated asset objects reloaded before import = 0
Number of asset objects unloaded after import = 3
========================================================================
Received Import Request.
  Time since last request: 0.000011 seconds.
  path: Assets/sprites/v1.1 dungeon crawler 16X16 pixel pack/props_itens/potion_green.png
  artifactKey: Guid(fcafd00fa274cf8448bc502f971fa2cf) Importer(815301076,1909f56bfc062723c751e8b465ee728b)
Start importing Assets/sprites/v1.1 dungeon crawler 16X16 pixel pack/props_itens/potion_green.png using Guid(fcafd00fa274cf8448bc502f971fa2cf) Importer(815301076,1909f56bfc062723c751e8b465ee728b) [PhysX] Initialized MultithreadedTaskDispatcher with 24 workers.
[PhysX] Initialized MultithreadedTaskDispatcher with 24 workers.
 -> (artifact id: '9ebcf851b008444fd1f670b2d381cfcc') in 0.003627 seconds
Number of updated asset objects reloaded before import = 0
Number of asset objects unloaded after import = 3
========================================================================
Received Import Request.
  Time since last request: 0.000010 seconds.
  path: Assets/sprites/v1.1 dungeon crawler 16X16 pixel pack/props_itens/bomb_anim_spritesheet.png
  artifactKey: Guid(4017535ccc73d114fb8d7d2cc6699f5d) Importer(815301076,1909f56bfc062723c751e8b465ee728b)
Start importing Assets/sprites/v1.1 dungeon crawler 16X16 pixel pack/props_itens/bomb_anim_spritesheet.png using Guid(4017535ccc73d114fb8d7d2cc6699f5d) Importer(815301076,1909f56bfc062723c751e8b465ee728b) [PhysX] Initialized MultithreadedTaskDispatcher with 24 workers.
[PhysX] Initialized MultithreadedTaskDispatcher with 24 workers.
 -> (artifact id: 'b9cb4781ddc7bf371d00526cb6843800') in 0.005238 seconds
Number of updated asset objects reloaded before import = 0
Number of asset objects unloaded after import = 3
========================================================================
Received Import Request.
  Time since last request: 0.000010 seconds.
  path: Assets/sprites/v1.1 dungeon crawler 16X16 pixel pack/props_itens/chest_closed_anim_f3.png
  artifactKey: Guid(5286371abfca92843aaed667cdc1a152) Importer(815301076,1909f56bfc062723c751e8b465ee728b)
Start importing Assets/sprites/v1.1 dungeon crawler 16X16 pixel pack/props_itens/chest_closed_anim_f3.png using Guid(5286371abfca92843aaed667cdc1a152) Importer(815301076,1909f56bfc062723c751e8b465ee728b) [PhysX] Initialized MultithreadedTaskDispatcher with 24 workers.
[PhysX] Initialized MultithreadedTaskDispatcher with 24 workers.
 -> (artifact id: '8def5d84ad2c608a8fa607b30902e993') in 0.004087 seconds
Number of updated asset objects reloaded before import = 0
Number of asset objects unloaded after import = 3
========================================================================
Received Import Request.
  Time since last request: 0.000010 seconds.
  path: Assets/sprites/v1.1 dungeon crawler 16X16 pixel pack/props_itens/table_2.png
  artifactKey: Guid(18b63fdc68476d84ba5e2638fd63787e) Importer(815301076,1909f56bfc062723c751e8b465ee728b)
Start importing Assets/sprites/v1.1 dungeon crawler 16X16 pixel pack/props_itens/table_2.png using Guid(18b63fdc68476d84ba5e2638fd63787e) Importer(815301076,1909f56bfc062723c751e8b465ee728b) [PhysX] Initialized MultithreadedTaskDispatcher with 24 workers.
[PhysX] Initialized MultithreadedTaskDispatcher with 24 workers.
 -> (artifact id: 'a8378e1f77250167ba4c269d4fc49311') in 0.004851 seconds
Number of updated asset objects reloaded before import = 0
Number of asset objects unloaded after import = 3
========================================================================
Received Import Request.
  Time since last request: 0.000010 seconds.
  path: Assets/sprites/v1.1 dungeon crawler 16X16 pixel pack/props_itens/torch_anim_f2.png
  artifactKey: Guid(3f1b3bd742f753f41b12734af40f543a) Importer(815301076,1909f56bfc062723c751e8b465ee728b)
Start importing Assets/sprites/v1.1 dungeon crawler 16X16 pixel pack/props_itens/torch_anim_f2.png using Guid(3f1b3bd742f753f41b12734af40f543a) Importer(815301076,1909f56bfc062723c751e8b465ee728b) [PhysX] Initialized MultithreadedTaskDispatcher with 24 workers.
[PhysX] Initialized MultithreadedTaskDispatcher with 24 workers.
 -> (artifact id: '7ddd46484e1d1731e78c0acd3ffbedde') in 0.004482 seconds
Number of updated asset objects reloaded before import = 0
Number of asset objects unloaded after import = 3
========================================================================
Received Import Request.
  Time since last request: 0.000012 seconds.
  path: Assets/sprites/v1.1 dungeon crawler 16X16 pixel pack/props_itens/torch_anim_f3.png
  artifactKey: Guid(17ef3022658549947927e78b4cfd7f1d) Importer(815301076,1909f56bfc062723c751e8b465ee728b)
Start importing Assets/sprites/v1.1 dungeon crawler 16X16 pixel pack/props_itens/torch_anim_f3.png using Guid(17ef3022658549947927e78b4cfd7f1d) Importer(815301076,1909f56bfc062723c751e8b465ee728b) [PhysX] Initialized MultithreadedTaskDispatcher with 24 workers.
[PhysX] Initialized MultithreadedTaskDispatcher with 24 workers.
 -> (artifact id: 'ad46d7deed4c73d74013bbff3baa167a') in 0.003961 seconds
Number of updated asset objects reloaded before import = 0
Number of asset objects unloaded after import = 3
========================================================================
Received Import Request.
  Time since last request: 0.000013 seconds.
  path: Assets/sprites/v1.1 dungeon crawler 16X16 pixel pack/props_itens/bomb_anim_f5.png
  artifactKey: Guid(bea16f42264a14248885c6c100136bff) Importer(815301076,1909f56bfc062723c751e8b465ee728b)
Start importing Assets/sprites/v1.1 dungeon crawler 16X16 pixel pack/props_itens/bomb_anim_f5.png using Guid(bea16f42264a14248885c6c100136bff) Importer(815301076,1909f56bfc062723c751e8b465ee728b) [PhysX] Initialized MultithreadedTaskDispatcher with 24 workers.
[PhysX] Initialized MultithreadedTaskDispatcher with 24 workers.
 -> (artifact id: 'eaa91e9e0cccf9ffc23756c7e1dd8902') in 0.004459 seconds
Number of updated asset objects reloaded before import = 0
Number of asset objects unloaded after import = 3
========================================================================
Received Import Request.
  Time since last request: 0.000010 seconds.
  path: Assets/sprites/v1.1 dungeon crawler 16X16 pixel pack/props_itens/potion_yellow.png
  artifactKey: Guid(b64ae4ec02d8b6544879d5fb4ee24ec3) Importer(815301076,1909f56bfc062723c751e8b465ee728b)
Start importing Assets/sprites/v1.1 dungeon crawler 16X16 pixel pack/props_itens/potion_yellow.png using Guid(b64ae4ec02d8b6544879d5fb4ee24ec3) Importer(815301076,1909f56bfc062723c751e8b465ee728b) [PhysX] Initialized MultithreadedTaskDispatcher with 24 workers.
[PhysX] Initialized MultithreadedTaskDispatcher with 24 workers.
 -> (artifact id: '0ba14177df28e5c33f7902de117a0e98') in 0.004737 seconds
Number of updated asset objects reloaded before import = 0
Number of asset objects unloaded after import = 3
========================================================================
Received Import Request.
  Time since last request: 7.908975 seconds.
  path: Assets/sprites/v1.1 dungeon crawler 16X16 pixel pack/ui (new)/crosshair_3.png
  artifactKey: Guid(865b78e6a1100ee4d8405a64cd2fc55a) Importer(815301076,1909f56bfc062723c751e8b465ee728b)
Start importing Assets/sprites/v1.1 dungeon crawler 16X16 pixel pack/ui (new)/crosshair_3.png using Guid(865b78e6a1100ee4d8405a64cd2fc55a) Importer(815301076,1909f56bfc062723c751e8b465ee728b) [PhysX] Initialized MultithreadedTaskDispatcher with 24 workers.
[PhysX] Initialized MultithreadedTaskDispatcher with 24 workers.
 -> (artifact id: 'd03702d881e8149fbcc9f39015147904') in 0.026386 seconds
Number of updated asset objects reloaded before import = 0
Number of asset objects unloaded after import = 3
========================================================================
Received Import Request.
  Time since last request: 0.000037 seconds.
  path: Assets/sprites/v1.1 dungeon crawler 16X16 pixel pack/ui (new)/health_ui.png
  artifactKey: Guid(fd597b7718eaec64dba25dcc9e869496) Importer(815301076,1909f56bfc062723c751e8b465ee728b)
Start importing Assets/sprites/v1.1 dungeon crawler 16X16 pixel pack/ui (new)/health_ui.png using Guid(fd597b7718eaec64dba25dcc9e869496) Importer(815301076,1909f56bfc062723c751e8b465ee728b) [PhysX] Initialized MultithreadedTaskDispatcher with 24 workers.
[PhysX] Initialized MultithreadedTaskDispatcher with 24 workers.
 -> (artifact id: '8d0c95d04e7ca18a5f02ac5eb9f30cdd') in 0.007145 seconds
Number of updated asset objects reloaded before import = 0
Number of asset objects unloaded after import = 3
========================================================================
Received Import Request.
  Time since last request: 9.471276 seconds.
  path: Assets/sprites/v1.1 dungeon crawler 16X16 pixel pack/enemies/slime/slime_idle_anim_f2.png
  artifactKey: Guid(04a13f1d841e9a44ebdcf3d07bc74981) Importer(815301076,1909f56bfc062723c751e8b465ee728b)
Start importing Assets/sprites/v1.1 dungeon crawler 16X16 pixel pack/enemies/slime/slime_idle_anim_f2.png using Guid(04a13f1d841e9a44ebdcf3d07bc74981) Importer(815301076,1909f56bfc062723c751e8b465ee728b) [PhysX] Initialized MultithreadedTaskDispatcher with 24 workers.
[PhysX] Initialized MultithreadedTaskDispatcher with 24 workers.
 -> (artifact id: '8903bbb98124107373efc1dbe7ce9fc0') in 0.013358 seconds
Number of updated asset objects reloaded before import = 0
Number of asset objects unloaded after import = 3
========================================================================
Received Import Request.
  Time since last request: 0.000011 seconds.
  path: Assets/sprites/v1.1 dungeon crawler 16X16 pixel pack/enemies/slime/slime_idle_anim_f3.png
  artifactKey: Guid(6270015a7dbbe8844be57fa751f6490f) Importer(815301076,1909f56bfc062723c751e8b465ee728b)
Start importing Assets/sprites/v1.1 dungeon crawler 16X16 pixel pack/enemies/slime/slime_idle_anim_f3.png using Guid(6270015a7dbbe8844be57fa751f6490f) Importer(815301076,1909f56bfc062723c751e8b465ee728b) [PhysX] Initialized MultithreadedTaskDispatcher with 24 workers.
[PhysX] Initialized MultithreadedTaskDispatcher with 24 workers.
 -> (artifact id: '140d5e65b56f1e78db4dc1f9171f1892') in 0.004242 seconds
Number of updated asset objects reloaded before import = 0
Number of asset objects unloaded after import = 3
========================================================================
Received Import Request.
  Time since last request: 10.668366 seconds.
  path: Assets/sprites/v1.1 dungeon crawler 16X16 pixel pack/tiles/floor/floor_2.png
  artifactKey: Guid(f453174fcc988b64eb4aa9aade1d7d17) Importer(815301076,1909f56bfc062723c751e8b465ee728b)
Start importing Assets/sprites/v1.1 dungeon crawler 16X16 pixel pack/tiles/floor/floor_2.png using Guid(f453174fcc988b64eb4aa9aade1d7d17) Importer(815301076,1909f56bfc062723c751e8b465ee728b) [PhysX] Initialized MultithreadedTaskDispatcher with 24 workers.
[PhysX] Initialized MultithreadedTaskDispatcher with 24 workers.
 -> (artifact id: '5cfa841c92cbbe420b98c01236df6d7d') in 0.004398 seconds
Number of updated asset objects reloaded before import = 0
Number of asset objects unloaded after import = 3
========================================================================
Received Import Request.
  Time since last request: 0.000010 seconds.
  path: Assets/sprites/v1.1 dungeon crawler 16X16 pixel pack/tiles/floor/floor_9.png
  artifactKey: Guid(98a7d139732b77d45a9cbeba670e5a25) Importer(815301076,1909f56bfc062723c751e8b465ee728b)
Start importing Assets/sprites/v1.1 dungeon crawler 16X16 pixel pack/tiles/floor/floor_9.png using Guid(98a7d139732b77d45a9cbeba670e5a25) Importer(815301076,1909f56bfc062723c751e8b465ee728b) [PhysX] Initialized MultithreadedTaskDispatcher with 24 workers.
[PhysX] Initialized MultithreadedTaskDispatcher with 24 workers.
 -> (artifact id: 'ffd562d04638f6965eb075dae1519173') in 0.003904 seconds
Number of updated asset objects reloaded before import = 0
Number of asset objects unloaded after import = 3
========================================================================
Received Import Request.
  Time since last request: 0.000009 seconds.
  path: Assets/sprites/v1.1 dungeon crawler 16X16 pixel pack/tiles/floor/floor_side_right.png
  artifactKey: Guid(bbc6723ff90af044991b0f8acfd6d664) Importer(815301076,1909f56bfc062723c751e8b465ee728b)
Start importing Assets/sprites/v1.1 dungeon crawler 16X16 pixel pack/tiles/floor/floor_side_right.png using Guid(bbc6723ff90af044991b0f8acfd6d664) Importer(815301076,1909f56bfc062723c751e8b465ee728b) [PhysX] Initialized MultithreadedTaskDispatcher with 24 workers.
[PhysX] Initialized MultithreadedTaskDispatcher with 24 workers.
 -> (artifact id: '11b6c1ebf5d1c624d7bf398078db53e1') in 0.004040 seconds
Number of updated asset objects reloaded before import = 0
Number of asset objects unloaded after import = 3
========================================================================
Received Import Request.
  Time since last request: 0.000011 seconds.
  path: Assets/sprites/v1.1 dungeon crawler 16X16 pixel pack/tiles/floor/floor_side5.png
  artifactKey: Guid(e6e22e68330290e469ecad8d748817af) Importer(815301076,1909f56bfc062723c751e8b465ee728b)
Start importing Assets/sprites/v1.1 dungeon crawler 16X16 pixel pack/tiles/floor/floor_side5.png using Guid(e6e22e68330290e469ecad8d748817af) Importer(815301076,1909f56bfc062723c751e8b465ee728b) [PhysX] Initialized MultithreadedTaskDispatcher with 24 workers.
[PhysX] Initialized MultithreadedTaskDispatcher with 24 workers.
 -> (artifact id: '9050f1bb6a2342d3e3e7a1dec3a4e76f') in 0.004611 seconds
Number of updated asset objects reloaded before import = 0
Number of asset objects unloaded after import = 3
========================================================================
Received Import Request.
  Time since last request: 0.000011 seconds.
  path: Assets/sprites/v1.1 dungeon crawler 16X16 pixel pack/tiles/floor/floor_side2.png
  artifactKey: Guid(a76147a16894fc34c8eb12d3d8566fb9) Importer(815301076,1909f56bfc062723c751e8b465ee728b)
Start importing Assets/sprites/v1.1 dungeon crawler 16X16 pixel pack/tiles/floor/floor_side2.png using Guid(a76147a16894fc34c8eb12d3d8566fb9) Importer(815301076,1909f56bfc062723c751e8b465ee728b) [PhysX] Initialized MultithreadedTaskDispatcher with 24 workers.
[PhysX] Initialized MultithreadedTaskDispatcher with 24 workers.
 -> (artifact id: '8d490da3e11bbb79cf2ad34619820bf2') in 0.004188 seconds
Number of updated asset objects reloaded before import = 0
Number of asset objects unloaded after import = 3
========================================================================
Received Import Request.
  Time since last request: 0.000011 seconds.
  path: Assets/sprites/v1.1 dungeon crawler 16X16 pixel pack/tiles/floor/spikes_anim_f8.png
  artifactKey: Guid(a91df5933fd1a0c449fefcd4b9e8fb19) Importer(815301076,1909f56bfc062723c751e8b465ee728b)
Start importing Assets/sprites/v1.1 dungeon crawler 16X16 pixel pack/tiles/floor/spikes_anim_f8.png using Guid(a91df5933fd1a0c449fefcd4b9e8fb19) Importer(815301076,1909f56bfc062723c751e8b465ee728b) [PhysX] Initialized MultithreadedTaskDispatcher with 24 workers.
[PhysX] Initialized MultithreadedTaskDispatcher with 24 workers.
 -> (artifact id: '94fa639955a328d14b5ff0f412174a95') in 0.004186 seconds
Number of updated asset objects reloaded before import = 0
Number of asset objects unloaded after import = 3
========================================================================
Received Import Request.
  Time since last request: 0.000012 seconds.
  path: Assets/sprites/v1.1 dungeon crawler 16X16 pixel pack/tiles/floor/spikes_anim_f7.png
  artifactKey: Guid(7546582a6797fbb4fb93b937c8a23a08) Importer(815301076,1909f56bfc062723c751e8b465ee728b)
Start importing Assets/sprites/v1.1 dungeon crawler 16X16 pixel pack/tiles/floor/spikes_anim_f7.png using Guid(7546582a6797fbb4fb93b937c8a23a08) Importer(815301076,1909f56bfc062723c751e8b465ee728b) [PhysX] Initialized MultithreadedTaskDispatcher with 24 workers.
[PhysX] Initialized MultithreadedTaskDispatcher with 24 workers.
 -> (artifact id: 'f154795876e1b9b144fa1ab75f12fa36') in 0.004019 seconds
Number of updated asset objects reloaded before import = 0
Number of asset objects unloaded after import = 3
========================================================================
Received Import Request.
  Time since last request: 0.000011 seconds.
  path: Assets/sprites/v1.1 dungeon crawler 16X16 pixel pack/tiles/floor/spikes_anim_f0.png
  artifactKey: Guid(62c97a09b49c516418039aa9c0023f4c) Importer(815301076,1909f56bfc062723c751e8b465ee728b)
Start importing Assets/sprites/v1.1 dungeon crawler 16X16 pixel pack/tiles/floor/spikes_anim_f0.png using Guid(62c97a09b49c516418039aa9c0023f4c) Importer(815301076,1909f56bfc062723c751e8b465ee728b) [PhysX] Initialized MultithreadedTaskDispatcher with 24 workers.
[PhysX] Initialized MultithreadedTaskDispatcher with 24 workers.
 -> (artifact id: 'd1713f9ea04238c66a62c894f254b18b') in 0.004552 seconds
Number of updated asset objects reloaded before import = 0
Number of asset objects unloaded after import = 3
========================================================================
Received Import Request.
  Time since last request: 0.000046 seconds.
  path: Assets/sprites/v1.1 dungeon crawler 16X16 pixel pack/tiles/floor/floor_3.png
  artifactKey: Guid(581b44ceb14226a43adde9efb0a7022d) Importer(815301076,1909f56bfc062723c751e8b465ee728b)
Start importing Assets/sprites/v1.1 dungeon crawler 16X16 pixel pack/tiles/floor/floor_3.png using Guid(581b44ceb14226a43adde9efb0a7022d) Importer(815301076,1909f56bfc062723c751e8b465ee728b) [PhysX] Initialized MultithreadedTaskDispatcher with 24 workers.
[PhysX] Initialized MultithreadedTaskDispatcher with 24 workers.
 -> (artifact id: 'c1bf7ac8a51e56b8a12447f6ec994ff2') in 0.003876 seconds
Number of updated asset objects reloaded before import = 0
Number of asset objects unloaded after import = 3
========================================================================
Received Import Request.
  Time since last request: 0.000012 seconds.
  path: Assets/sprites/v1.1 dungeon crawler 16X16 pixel pack/tiles/floor/spikes_anim_f5.png
  artifactKey: Guid(70e3f8a9ad1a30a4aa26009e59c950e5) Importer(815301076,1909f56bfc062723c751e8b465ee728b)
Start importing Assets/sprites/v1.1 dungeon crawler 16X16 pixel pack/tiles/floor/spikes_anim_f5.png using Guid(70e3f8a9ad1a30a4aa26009e59c950e5) Importer(815301076,1909f56bfc062723c751e8b465ee728b) [PhysX] Initialized MultithreadedTaskDispatcher with 24 workers.
[PhysX] Initialized MultithreadedTaskDispatcher with 24 workers.
 -> (artifact id: '2af66e2e8f02017e138918a64d9b58a8') in 0.003998 seconds
Number of updated asset objects reloaded before import = 0
Number of asset objects unloaded after import = 3
========================================================================
Received Import Request.
  Time since last request: 4.379193 seconds.
  path: Assets/sprites/v1.1 dungeon crawler 16X16 pixel pack/enemies/flying creature/fly_anim_f2.png
  artifactKey: Guid(511c3caf3bed0fa4cb8012a838bc665e) Importer(815301076,1909f56bfc062723c751e8b465ee728b)
Start importing Assets/sprites/v1.1 dungeon crawler 16X16 pixel pack/enemies/flying creature/fly_anim_f2.png using Guid(511c3caf3bed0fa4cb8012a838bc665e) Importer(815301076,1909f56bfc062723c751e8b465ee728b) [PhysX] Initialized MultithreadedTaskDispatcher with 24 workers.
[PhysX] Initialized MultithreadedTaskDispatcher with 24 workers.
 -> (artifact id: '72b18aec2e882de3e28be5f09befa359') in 0.013304 seconds
Number of updated asset objects reloaded before import = 0
Number of asset objects unloaded after import = 3
========================================================================
Received Import Request.
  Time since last request: 4.879934 seconds.
  path: Assets/sprites/v1.1 dungeon crawler 16X16 pixel pack/tiles/wall/door_anim_opening_f2.png
  artifactKey: Guid(3f59dd19ab4d05b4696186722d930825) Importer(815301076,1909f56bfc062723c751e8b465ee728b)
Start importing Assets/sprites/v1.1 dungeon crawler 16X16 pixel pack/tiles/wall/door_anim_opening_f2.png using Guid(3f59dd19ab4d05b4696186722d930825) Importer(815301076,1909f56bfc062723c751e8b465ee728b) [PhysX] Initialized MultithreadedTaskDispatcher with 24 workers.
[PhysX] Initialized MultithreadedTaskDispatcher with 24 workers.
 -> (artifact id: '79dd59906913b20bfec27c0589370195') in 0.006776 seconds
Number of updated asset objects reloaded before import = 0
Number of asset objects unloaded after import = 3
========================================================================
Received Import Request.
  Time since last request: 0.000010 seconds.
  path: Assets/sprites/v1.1 dungeon crawler 16X16 pixel pack/tiles/wall/door_anim_opening_f10.png
  artifactKey: Guid(c2c42420c4e7b7940bca501dbf704483) Importer(815301076,1909f56bfc062723c751e8b465ee728b)
Start importing Assets/sprites/v1.1 dungeon crawler 16X16 pixel pack/tiles/wall/door_anim_opening_f10.png using Guid(c2c42420c4e7b7940bca501dbf704483) Importer(815301076,1909f56bfc062723c751e8b465ee728b) [PhysX] Initialized MultithreadedTaskDispatcher with 24 workers.
[PhysX] Initialized MultithreadedTaskDispatcher with 24 workers.
 -> (artifact id: 'd711176b4c2a7bca9337f97d90c8bd78') in 0.005705 seconds
Number of updated asset objects reloaded before import = 0
Number of asset objects unloaded after import = 3
========================================================================
Received Import Request.
  Time since last request: 0.000010 seconds.
  path: Assets/sprites/v1.1 dungeon crawler 16X16 pixel pack/tiles/wall/wall_1.png
  artifactKey: Guid(92a80efbe23611345b9e5554f279bba6) Importer(815301076,1909f56bfc062723c751e8b465ee728b)
Start importing Assets/sprites/v1.1 dungeon crawler 16X16 pixel pack/tiles/wall/wall_1.png using Guid(92a80efbe23611345b9e5554f279bba6) Importer(815301076,1909f56bfc062723c751e8b465ee728b) [PhysX] Initialized MultithreadedTaskDispatcher with 24 workers.
[PhysX] Initialized MultithreadedTaskDispatcher with 24 workers.
 -> (artifact id: '6da3866b38c06ecfdbbcec23755e6fcd') in 0.005617 seconds
Number of updated asset objects reloaded before import = 0
Number of asset objects unloaded after import = 3
========================================================================
Received Import Request.
  Time since last request: 0.000009 seconds.
  path: Assets/sprites/v1.1 dungeon crawler 16X16 pixel pack/tiles/wall/wall_arch_right.png
  artifactKey: Guid(441bb33311ac98145968a22452b2035c) Importer(815301076,1909f56bfc062723c751e8b465ee728b)
Start importing Assets/sprites/v1.1 dungeon crawler 16X16 pixel pack/tiles/wall/wall_arch_right.png using Guid(441bb33311ac98145968a22452b2035c) Importer(815301076,1909f56bfc062723c751e8b465ee728b) [PhysX] Initialized MultithreadedTaskDispatcher with 24 workers.
[PhysX] Initialized MultithreadedTaskDispatcher with 24 workers.
 -> (artifact id: '8dbe3d9efb0e4ea09522a46301a907f5') in 0.004986 seconds
Number of updated asset objects reloaded before import = 0
Number of asset objects unloaded after import = 3
========================================================================
Received Import Request.
  Time since last request: 0.000011 seconds.
  path: Assets/sprites/v1.1 dungeon crawler 16X16 pixel pack/tiles/wall/wall_top_left.png
  artifactKey: Guid(d7f82d790438d6344aa836941bc9eb6a) Importer(815301076,1909f56bfc062723c751e8b465ee728b)
Start importing Assets/sprites/v1.1 dungeon crawler 16X16 pixel pack/tiles/wall/wall_top_left.png using Guid(d7f82d790438d6344aa836941bc9eb6a) Importer(815301076,1909f56bfc062723c751e8b465ee728b) [PhysX] Initialized MultithreadedTaskDispatcher with 24 workers.
[PhysX] Initialized MultithreadedTaskDispatcher with 24 workers.
 -> (artifact id: 'eb57a368a43d28e1cb785a97c999597d') in 0.032423 seconds
Number of updated asset objects reloaded before import = 0
Number of asset objects unloaded after import = 3
========================================================================
Received Import Request.
  Time since last request: 0.000014 seconds.
  path: Assets/sprites/v1.1 dungeon crawler 16X16 pixel pack/tiles/wall/door_anim_opening_f4.png
  artifactKey: Guid(c83baacea039a544c9f7d944f6dec5cb) Importer(815301076,1909f56bfc062723c751e8b465ee728b)
Start importing Assets/sprites/v1.1 dungeon crawler 16X16 pixel pack/tiles/wall/door_anim_opening_f4.png using Guid(c83baacea039a544c9f7d944f6dec5cb) Importer(815301076,1909f56bfc062723c751e8b465ee728b) [PhysX] Initialized MultithreadedTaskDispatcher with 24 workers.
[PhysX] Initialized MultithreadedTaskDispatcher with 24 workers.
 -> (artifact id: '54629c07b71d8d8c9b21eea9fd354b0a') in 0.025648 seconds
Number of updated asset objects reloaded before import = 0
Number of asset objects unloaded after import = 3
========================================================================
Received Import Request.
  Time since last request: 0.000011 seconds.
  path: Assets/sprites/v1.1 dungeon crawler 16X16 pixel pack/tiles/wall/wall_top_inner_left_2.png
  artifactKey: Guid(2da3d1667cc9fb24dac168ce1009e3f6) Importer(815301076,1909f56bfc062723c751e8b465ee728b)
Start importing Assets/sprites/v1.1 dungeon crawler 16X16 pixel pack/tiles/wall/wall_top_inner_left_2.png using Guid(2da3d1667cc9fb24dac168ce1009e3f6) Importer(815301076,1909f56bfc062723c751e8b465ee728b) [PhysX] Initialized MultithreadedTaskDispatcher with 24 workers.
[PhysX] Initialized MultithreadedTaskDispatcher with 24 workers.
 -> (artifact id: '6848960dcf583f5010af8b1f5b6c018d') in 0.014319 seconds
Number of updated asset objects reloaded before import = 0
Number of asset objects unloaded after import = 3
========================================================================
Received Import Request.
  Time since last request: 0.000012 seconds.
  path: Assets/sprites/v1.1 dungeon crawler 16X16 pixel pack/tiles/wall/wall_bottom_inner_right.png
  artifactKey: Guid(ea8b570ffa3b8d64c8b24c46fe06abd7) Importer(815301076,1909f56bfc062723c751e8b465ee728b)
Start importing Assets/sprites/v1.1 dungeon crawler 16X16 pixel pack/tiles/wall/wall_bottom_inner_right.png using Guid(ea8b570ffa3b8d64c8b24c46fe06abd7) Importer(815301076,1909f56bfc062723c751e8b465ee728b) [PhysX] Initialized MultithreadedTaskDispatcher with 24 workers.
[PhysX] Initialized MultithreadedTaskDispatcher with 24 workers.
 -> (artifact id: '7805aef1a994417a6ca8bb839f267564') in 0.033155 seconds
Number of updated asset objects reloaded before import = 0
Number of asset objects unloaded after import = 3
========================================================================
Received Import Request.
  Time since last request: 0.000011 seconds.
  path: Assets/sprites/v1.1 dungeon crawler 16X16 pixel pack/tiles/wall/door_fullyopen.png
  artifactKey: Guid(de20b5169dd5e0f4da5d3ad97d18a758) Importer(815301076,1909f56bfc062723c751e8b465ee728b)
Start importing Assets/sprites/v1.1 dungeon crawler 16X16 pixel pack/tiles/wall/door_fullyopen.png using Guid(de20b5169dd5e0f4da5d3ad97d18a758) Importer(815301076,1909f56bfc062723c751e8b465ee728b) [PhysX] Initialized MultithreadedTaskDispatcher with 24 workers.
[PhysX] Initialized MultithreadedTaskDispatcher with 24 workers.
 -> (artifact id: '24318bb7c1a55747190c1d6a42bd505b') in 0.033194 seconds
Number of updated asset objects reloaded before import = 0
Number of asset objects unloaded after import = 3
========================================================================
Received Import Request.
  Time since last request: 0.000013 seconds.
  path: Assets/sprites/v1.1 dungeon crawler 16X16 pixel pack/tiles/wall/door_closed.png
  artifactKey: Guid(82291ea15b4e77548a2ffb17d9d63535) Importer(815301076,1909f56bfc062723c751e8b465ee728b)
Start importing Assets/sprites/v1.1 dungeon crawler 16X16 pixel pack/tiles/wall/door_closed.png using Guid(82291ea15b4e77548a2ffb17d9d63535) Importer(815301076,1909f56bfc062723c751e8b465ee728b) [PhysX] Initialized MultithreadedTaskDispatcher with 24 workers.
[PhysX] Initialized MultithreadedTaskDispatcher with 24 workers.
 -> (artifact id: '52075fdd9d369c456c9a5b824e770bb1') in 0.022589 seconds
Number of updated asset objects reloaded before import = 0
Number of asset objects unloaded after import = 3
========================================================================
Received Import Request.
  Time since last request: 0.000013 seconds.
  path: Assets/sprites/v1.1 dungeon crawler 16X16 pixel pack/tiles/wall/door_anim_opening_f13.png
  artifactKey: Guid(b3aaff061cc805f419733a1203cb24cb) Importer(815301076,1909f56bfc062723c751e8b465ee728b)
Start importing Assets/sprites/v1.1 dungeon crawler 16X16 pixel pack/tiles/wall/door_anim_opening_f13.png using Guid(b3aaff061cc805f419733a1203cb24cb) Importer(815301076,1909f56bfc062723c751e8b465ee728b) [PhysX] Initialized MultithreadedTaskDispatcher with 24 workers.
[PhysX] Initialized MultithreadedTaskDispatcher with 24 workers.
 -> (artifact id: 'cf0b73febb372466b27b5923dcc4b8b5') in 0.033845 seconds
Number of updated asset objects reloaded before import = 0
Number of asset objects unloaded after import = 3
========================================================================
Received Import Request.
  Time since last request: 0.000018 seconds.
  path: Assets/sprites/v1.1 dungeon crawler 16X16 pixel pack/tiles/wall/door_anim_opening_f3.png
  artifactKey: Guid(90c3728adfcb0c14a9aa14b745c739c7) Importer(815301076,1909f56bfc062723c751e8b465ee728b)
Start importing Assets/sprites/v1.1 dungeon crawler 16X16 pixel pack/tiles/wall/door_anim_opening_f3.png using Guid(90c3728adfcb0c14a9aa14b745c739c7) Importer(815301076,1909f56bfc062723c751e8b465ee728b) [PhysX] Initialized MultithreadedTaskDispatcher with 24 workers.
[PhysX] Initialized MultithreadedTaskDispatcher with 24 workers.
 -> (artifact id: '0bf8127f64d85a1984ddf41ad0a09827') in 0.034177 seconds
Number of updated asset objects reloaded before import = 0
Number of asset objects unloaded after import = 3
========================================================================
Received Import Request.
  Time since last request: 1300.322462 seconds.
  path: Assets/enemies/Goblin Run 1.prefab
  artifactKey: Guid(926028783f985d64f89075f74c2b7b30) Importer(815301076,1909f56bfc062723c751e8b465ee728b)
Start importing Assets/enemies/Goblin Run 1.prefab using Guid(926028783f985d64f89075f74c2b7b30) Importer(815301076,1909f56bfc062723c751e8b465ee728b) [PhysX] Initialized MultithreadedTaskDispatcher with 24 workers.
[PhysX] Initialized MultithreadedTaskDispatcher with 24 workers.
 -> (artifact id: 'bee173e11ba633725a1268b9692ba707') in 0.030968 seconds
Number of updated asset objects reloaded before import = 0
Number of asset objects unloaded after import = 25
========================================================================
Received Import Request.
  Time since last request: 821.146027 seconds.
  path: Assets/Red Death Particle.prefab
  artifactKey: Guid(8297e7907d0dee54cac32ea4d41cfdf9) Importer(815301076,1909f56bfc062723c751e8b465ee728b)
Start importing Assets/Red Death Particle.prefab using Guid(8297e7907d0dee54cac32ea4d41cfdf9) Importer(815301076,1909f56bfc062723c751e8b465ee728b) [PhysX] Initialized MultithreadedTaskDispatcher with 24 workers.
[PhysX] Initialized MultithreadedTaskDispatcher with 24 workers.
 -> (artifact id: '9c8e94825203b122b1a5498f160d14bc') in 0.045582 seconds
Number of updated asset objects reloaded before import = 0
Number of asset objects unloaded after import = 12
========================================================================
Received Prepare
Begin MonoManager ReloadAssembly
- Loaded All Assemblies, in  0.383 seconds
Refreshing native plugins compatible for Editor in 8.24 ms, found 4 plugins.
Native extension for WindowsStandalone target not found
[Package Manager] Server::EnsureServerProcessIsRunning -- launch failed, reason: Unity was launched with the -noUpm command-line argument
[Package Manager] UpmClient::Send -- Unable to send message (not connected to UPM process).
[Package Manager] Cannot connect to Unity Package Manager local server
Mono: successfully reloaded assembly
- Finished resetting the current domain, in  0.762 seconds
Domain Reload Profiling: 1140ms
	BeginReloadAssembly (138ms)
		ExecutionOrderSort (0ms)
		DisableScriptedObjects (6ms)
		BackupInstance (0ms)
		ReleaseScriptingObjects (0ms)
		CreateAndSetChildDomain (22ms)
	RebuildCommonClasses (28ms)
	RebuildNativeTypeToScriptingClass (9ms)
	initialDomainReloadingComplete (31ms)
	LoadAllAssembliesAndSetupDomain (172ms)
		LoadAssemblies (239ms)
		RebuildTransferFunctionScriptingTraits (0ms)
		AnalyzeDomain (15ms)
			TypeCache.Refresh (6ms)
				TypeCache.ScanAssembly (0ms)
			ScanForSourceGeneratedMonoScriptInfo (0ms)
			ResolveRequiredComponents (8ms)
	FinalizeReload (763ms)
		ReleaseScriptCaches (0ms)
		RebuildScriptCaches (0ms)
		SetupLoadedEditorAssemblies (268ms)
			LogAssemblyErrors (0ms)
			InitializePlatformSupportModulesInManaged (4ms)
			SetLoadedEditorAssemblies (3ms)
			RefreshPlugins (0ms)
			BeforeProcessingInitializeOnLoad (42ms)
			ProcessInitializeOnLoadAttributes (194ms)
			ProcessInitializeOnLoadMethodAttributes (20ms)
			AfterProcessingInitializeOnLoad (5ms)
			EditorAssembliesLoaded (0ms)
		ExecutionOrderSort2 (0ms)
		AwakeInstancesAfterBackupRestoration (9ms)
Refreshing native plugins compatible for Editor in 4.55 ms, found 4 plugins.
Preloading 0 native plugins for Editor in 0.00 ms.
Unloading 4330 Unused Serialized files (Serialized files now loaded: 0)
Unloading 41 unused Assets / (108.6 KB). Loaded Objects now: 4947.
Memory consumption went from 152.3 MB to 152.2 MB.
Total: 2.099800 ms (FindLiveObjects: 0.141800 ms CreateObjectMapping: 0.054400 ms MarkObjects: 1.844300 ms  DeleteObjects: 0.058500 ms)

Prepare: number of updated asset objects reloaded= 0
AssetImportParameters requested are different than current active one (requested -> active):
  custom:container-demuxer-ogg: 62fdf1f143b41e24485cea50d1cbac27 -> 
  custom:video-codec-MediaFoundation-h265: 746d11721c4dcdbdad8f713fa42b33f4 -> 
  custom:video-decoder-ogg-theora: a1e56fd34408186e4bbccfd4996cb3dc -> 
  custom:framework-win-MediaFoundation: 216162199b28c13a410421893ffa2e32 -> 
  custom:CustomObjectIndexerAttribute: 9a22284fe3817be447336de3de66b15e -> 
  custom:container-demuxer-webm: 4f35f7cbe854078d1ac9338744f61a02 -> 
  custom:container-muxer-webm: aa71ff27fc2769a1b78a27578f13a17b -> 
  custom:video-decoder-webm-vp8: 9c59270c3fd7afecdb556c50c9e8de78 -> 
  custom:SearchIndexIgnoredProperties: e643bd26f0fe6173181afceb89e7c659 -> 
  custom:AudioImporter_EditorPlatform: d09bf68614088b80899f8185d706f6e7 -> 
  custom:video-encoder-webm-vp8: eb34c28f22e8b96e1ab97ce403110664 -> 
  custom:audio-decoder-ogg-vorbis: bf7c407c2cedff20999df2af8eb42d56 -> 
  custom:audio-encoder-webm-vorbis: bf7c407c2cedff20999df2af8eb42d56 -> 
========================================================================
Received Prepare
Begin MonoManager ReloadAssembly
- Loaded All Assemblies, in  0.303 seconds
Refreshing native plugins compatible for Editor in 5.95 ms, found 4 plugins.
Native extension for WindowsStandalone target not found
[Package Manager] Server::EnsureServerProcessIsRunning -- launch failed, reason: Unity was launched with the -noUpm command-line argument
[Package Manager] UpmClient::Send -- Unable to send message (not connected to UPM process).
[Package Manager] Cannot connect to Unity Package Manager local server
Mono: successfully reloaded assembly
- Finished resetting the current domain, in  0.660 seconds
Domain Reload Profiling: 959ms
	BeginReloadAssembly (107ms)
		ExecutionOrderSort (0ms)
		DisableScriptedObjects (6ms)
		BackupInstance (0ms)
		ReleaseScriptingObjects (0ms)
		CreateAndSetChildDomain (21ms)
	RebuildCommonClasses (18ms)
	RebuildNativeTypeToScriptingClass (6ms)
	initialDomainReloadingComplete (21ms)
	LoadAllAssembliesAndSetupDomain (146ms)
		LoadAssemblies (193ms)
		RebuildTransferFunctionScriptingTraits (0ms)
		AnalyzeDomain (9ms)
			TypeCache.Refresh (4ms)
				TypeCache.ScanAssembly (0ms)
			ScanForSourceGeneratedMonoScriptInfo (0ms)
			ResolveRequiredComponents (5ms)
	FinalizeReload (661ms)
		ReleaseScriptCaches (0ms)
		RebuildScriptCaches (0ms)
		SetupLoadedEditorAssemblies (251ms)
			LogAssemblyErrors (0ms)
			InitializePlatformSupportModulesInManaged (3ms)
			SetLoadedEditorAssemblies (2ms)
			RefreshPlugins (0ms)
			BeforeProcessingInitializeOnLoad (41ms)
			ProcessInitializeOnLoadAttributes (177ms)
			ProcessInitializeOnLoadMethodAttributes (21ms)
			AfterProcessingInitializeOnLoad (8ms)
			EditorAssembliesLoaded (0ms)
		ExecutionOrderSort2 (0ms)
		AwakeInstancesAfterBackupRestoration (10ms)
Refreshing native plugins compatible for Editor in 5.13 ms, found 4 plugins.
Preloading 0 native plugins for Editor in 0.00 ms.
Unloading 4331 Unused Serialized files (Serialized files now loaded: 0)
Unloading 39 unused Assets / (107.6 KB). Loaded Objects now: 4963.
Memory consumption went from 152.6 MB to 152.5 MB.
Total: 2.095900 ms (FindLiveObjects: 0.153600 ms CreateObjectMapping: 0.176600 ms MarkObjects: 1.718300 ms  DeleteObjects: 0.046600 ms)

Prepare: number of updated asset objects reloaded= 0
AssetImportParameters requested are different than current active one (requested -> active):
  custom:container-demuxer-ogg: 62fdf1f143b41e24485cea50d1cbac27 -> 
  custom:video-codec-MediaFoundation-h265: 746d11721c4dcdbdad8f713fa42b33f4 -> 
  custom:video-decoder-ogg-theora: a1e56fd34408186e4bbccfd4996cb3dc -> 
  custom:framework-win-MediaFoundation: 216162199b28c13a410421893ffa2e32 -> 
  custom:CustomObjectIndexerAttribute: 9a22284fe3817be447336de3de66b15e -> 
  custom:container-demuxer-webm: 4f35f7cbe854078d1ac9338744f61a02 -> 
  custom:container-muxer-webm: aa71ff27fc2769a1b78a27578f13a17b -> 
  custom:video-decoder-webm-vp8: 9c59270c3fd7afecdb556c50c9e8de78 -> 
  custom:SearchIndexIgnoredProperties: e643bd26f0fe6173181afceb89e7c659 -> 
  custom:AudioImporter_EditorPlatform: d09bf68614088b80899f8185d706f6e7 -> 
  custom:video-encoder-webm-vp8: eb34c28f22e8b96e1ab97ce403110664 -> 
  custom:audio-decoder-ogg-vorbis: bf7c407c2cedff20999df2af8eb42d56 -> 
  custom:audio-encoder-webm-vorbis: bf7c407c2cedff20999df2af8eb42d56 -> 
