Using pre-set license
Built from '2022.3/china_unity/release' branch; Version is '2022.3.17f1c1 (a01dafa986ec) revision 10493359'; Using compiler version '192829333'; Build Type 'Release'
OS: 'Windows 11  (10.0.22631) 64bit Core' Language: 'zh' Physical Memory: 16128 MB
BatchMode: 1, IsHumanControllingUs: 0, StartBugReporterOnCrash: 0, Is64bit: 1, IsPro: 1

COMMAND LINE ARGUMENTS:
F:\unity\2022.3.17f1c1\Editor\Unity.exe
-adb2
-batchMode
-noUpm
-name
AssetImportWorker3
-projectPath
D:/project/g3_team5_game/Project
-logFile
Logs/AssetImportWorker3.log
-srvPort
11610
Successfully changed project path to: D:/project/g3_team5_game/Project
D:/project/g3_team5_game/Project
[UnityMemory] Configuration Parameters - Can be set up in boot.config
    "memorysetup-bucket-allocator-granularity=16"
    "memorysetup-bucket-allocator-bucket-count=8"
    "memorysetup-bucket-allocator-block-size=33554432"
    "memorysetup-bucket-allocator-block-count=8"
    "memorysetup-main-allocator-block-size=16777216"
    "memorysetup-thread-allocator-block-size=16777216"
    "memorysetup-gfx-main-allocator-block-size=16777216"
    "memorysetup-gfx-thread-allocator-block-size=16777216"
    "memorysetup-cache-allocator-block-size=4194304"
    "memorysetup-typetree-allocator-block-size=2097152"
    "memorysetup-profiler-bucket-allocator-granularity=16"
    "memorysetup-profiler-bucket-allocator-bucket-count=8"
    "memorysetup-profiler-bucket-allocator-block-size=33554432"
    "memorysetup-profiler-bucket-allocator-block-count=8"
    "memorysetup-profiler-allocator-block-size=16777216"
    "memorysetup-profiler-editor-allocator-block-size=1048576"
    "memorysetup-temp-allocator-size-main=16777216"
    "memorysetup-job-temp-allocator-block-size=2097152"
    "memorysetup-job-temp-allocator-block-size-background=1048576"
    "memorysetup-job-temp-allocator-reduction-small-platforms=262144"
    "memorysetup-allocator-temp-initial-block-size-main=262144"
    "memorysetup-allocator-temp-initial-block-size-worker=262144"
    "memorysetup-temp-allocator-size-background-worker=32768"
    "memorysetup-temp-allocator-size-job-worker=262144"
    "memorysetup-temp-allocator-size-preload-manager=33554432"
    "memorysetup-temp-allocator-size-nav-mesh-worker=65536"
    "memorysetup-temp-allocator-size-audio-worker=65536"
    "memorysetup-temp-allocator-size-cloud-worker=32768"
    "memorysetup-temp-allocator-size-gi-baking-worker=262144"
    "memorysetup-temp-allocator-size-gfx=262144"
Player connection [34100] Host "[IP] 10.122.0.240 [Port] 0 [Flags] 2 [Guid] 2143315253 [EditorId] 2143315253 [Version] 1048832 [Id] WindowsEditor(7,极光pro) [Debug] 1 [PackageName] WindowsEditor [ProjectName] Editor" joined multi-casting on [225.0.0.222:54997]...

Player connection [34100] Host "[IP] 10.122.0.240 [Port] 0 [Flags] 2 [Guid] 2143315253 [EditorId] 2143315253 [Version] 1048832 [Id] WindowsEditor(7,极光pro) [Debug] 1 [PackageName] WindowsEditor [ProjectName] Editor" joined alternative multi-casting on [225.0.0.222:34997]...

[Physics::Module] Initialized MultithreadedJobDispatcher with 11 workers.
Refreshing native plugins compatible for Editor in 21.85 ms, found 4 plugins.
Preloading 0 native plugins for Editor in 0.00 ms.
Initialize engine version: 2022.3.17f1c1 (a01dafa986ec)
[Subsystems] Discovering subsystems at path F:/unity/2022.3.17f1c1/Editor/Data/Resources/UnitySubsystems
[Subsystems] Discovering subsystems at path D:/project/g3_team5_game/Project/Assets
GfxDevice: creating device client; threaded=0; jobified=0
Direct3D:
    Version:  Direct3D 11.0 [level 11.1]
    Renderer: NVIDIA GeForce RTX 3060 Laptop GPU (ID=0x2520)
    Vendor:   NVIDIA
    VRAM:     5996 MB
    Driver:   32.0.15.5599
Initialize mono
Mono path[0] = 'F:/unity/2022.3.17f1c1/Editor/Data/Managed'
Mono path[1] = 'F:/unity/2022.3.17f1c1/Editor/Data/MonoBleedingEdge/lib/mono/unityjit-win32'
Mono config path = 'F:/unity/2022.3.17f1c1/Editor/Data/MonoBleedingEdge/etc'
Using monoOptions --debugger-agent=transport=dt_socket,embedding=1,server=y,suspend=n,address=127.0.0.1:56288
Begin MonoManager ReloadAssembly
Registering precompiled unity dll's ...
Register platform support module: F:/unity/2022.3.17f1c1/Editor/Data/PlaybackEngines/WebGLSupport/UnityEditor.WebGL.Extensions.dll
Register platform support module: F:/unity/2022.3.17f1c1/Editor/Data/PlaybackEngines/WindowsStandaloneSupport/UnityEditor.WindowsStandalone.Extensions.dll
Registered in 0.004869 seconds.
- Loaded All Assemblies, in  0.273 seconds
Native extension for WindowsStandalone target not found
Native extension for WebGL target not found
Mono: successfully reloaded assembly
- Finished resetting the current domain, in  0.237 seconds
Domain Reload Profiling: 509ms
	BeginReloadAssembly (82ms)
		ExecutionOrderSort (0ms)
		DisableScriptedObjects (0ms)
		BackupInstance (0ms)
		ReleaseScriptingObjects (0ms)
		CreateAndSetChildDomain (1ms)
	RebuildCommonClasses (25ms)
	RebuildNativeTypeToScriptingClass (8ms)
	initialDomainReloadingComplete (44ms)
	LoadAllAssembliesAndSetupDomain (111ms)
		LoadAssemblies (80ms)
		RebuildTransferFunctionScriptingTraits (0ms)
		AnalyzeDomain (110ms)
			TypeCache.Refresh (109ms)
				TypeCache.ScanAssembly (98ms)
			ScanForSourceGeneratedMonoScriptInfo (0ms)
			ResolveRequiredComponents (0ms)
	FinalizeReload (238ms)
		ReleaseScriptCaches (0ms)
		RebuildScriptCaches (0ms)
		SetupLoadedEditorAssemblies (186ms)
			LogAssemblyErrors (0ms)
			InitializePlatformSupportModulesInManaged (7ms)
			SetLoadedEditorAssemblies (5ms)
			RefreshPlugins (0ms)
			BeforeProcessingInitializeOnLoad (2ms)
			ProcessInitializeOnLoadAttributes (129ms)
			ProcessInitializeOnLoadMethodAttributes (42ms)
			AfterProcessingInitializeOnLoad (0ms)
			EditorAssembliesLoaded (0ms)
		ExecutionOrderSort2 (0ms)
		AwakeInstancesAfterBackupRestoration (0ms)
========================================================================
Worker process is ready to serve import requests
Begin MonoManager ReloadAssembly
- Loaded All Assemblies, in  0.536 seconds
Refreshing native plugins compatible for Editor in 6.19 ms, found 4 plugins.
Native extension for WindowsStandalone target not found
Native extension for WebGL target not found
Package Manager log level set to [2]
[Package Manager] Server::EnsureServerProcessIsRunning -- launch failed, reason: Unity was launched with the -noUpm command-line argument
[Package Manager] UpmClient::Send -- Unable to send message (not connected to UPM process).
[Package Manager] Cannot connect to Unity Package Manager local server
Mono: successfully reloaded assembly
- Finished resetting the current domain, in  0.496 seconds
Domain Reload Profiling: 1027ms
	BeginReloadAssembly (134ms)
		ExecutionOrderSort (0ms)
		DisableScriptedObjects (5ms)
		BackupInstance (0ms)
		ReleaseScriptingObjects (0ms)
		CreateAndSetChildDomain (25ms)
	RebuildCommonClasses (23ms)
	RebuildNativeTypeToScriptingClass (8ms)
	initialDomainReloadingComplete (43ms)
	LoadAllAssembliesAndSetupDomain (322ms)
		LoadAssemblies (257ms)
		RebuildTransferFunctionScriptingTraits (0ms)
		AnalyzeDomain (132ms)
			TypeCache.Refresh (113ms)
				TypeCache.ScanAssembly (101ms)
			ScanForSourceGeneratedMonoScriptInfo (15ms)
			ResolveRequiredComponents (3ms)
	FinalizeReload (497ms)
		ReleaseScriptCaches (0ms)
		RebuildScriptCaches (0ms)
		SetupLoadedEditorAssemblies (365ms)
			LogAssemblyErrors (0ms)
			InitializePlatformSupportModulesInManaged (5ms)
			SetLoadedEditorAssemblies (3ms)
			RefreshPlugins (0ms)
			BeforeProcessingInitializeOnLoad (52ms)
			ProcessInitializeOnLoadAttributes (267ms)
			ProcessInitializeOnLoadMethodAttributes (32ms)
			AfterProcessingInitializeOnLoad (6ms)
			EditorAssembliesLoaded (0ms)
		ExecutionOrderSort2 (0ms)
		AwakeInstancesAfterBackupRestoration (7ms)
Launched and connected shader compiler UnityShaderCompiler.exe after 0.06 seconds
Refreshing native plugins compatible for Editor in 6.55 ms, found 4 plugins.
Preloading 0 native plugins for Editor in 0.00 ms.
Unloading 4018 Unused Serialized files (Serialized files now loaded: 0)
Unloading 70 unused Assets / (244.3 KB). Loaded Objects now: 4473.
Memory consumption went from 149.2 MB to 149.0 MB.
Total: 2.788300 ms (FindLiveObjects: 0.264800 ms CreateObjectMapping: 0.100600 ms MarkObjects: 2.231900 ms  DeleteObjects: 0.189000 ms)

AssetImportParameters requested are different than current active one (requested -> active):
  custom:container-demuxer-ogg: 62fdf1f143b41e24485cea50d1cbac27 -> 
  custom:video-decoder-ogg-theora: a1e56fd34408186e4bbccfd4996cb3dc -> 
  custom:framework-win-MediaFoundation: 216162199b28c13a410421893ffa2e32 -> 
  custom:CustomObjectIndexerAttribute: 6d391050e5a25f67b0a2c618074f2cd9 -> 
  custom:container-demuxer-webm: 4f35f7cbe854078d1ac9338744f61a02 -> 
  custom:container-muxer-webm: aa71ff27fc2769a1b78a27578f13a17b -> 
  custom:video-decoder-webm-vp8: 9c59270c3fd7afecdb556c50c9e8de78 -> 
  custom:SearchIndexIgnoredProperties: e643bd26f0fe6173181afceb89e7c659 -> 
  custom:AudioImporter_EditorPlatform: d09bf68614088b80899f8185d706f6e7 -> 
  custom:video-encoder-webm-vp8: eb34c28f22e8b96e1ab97ce403110664 -> 
  custom:audio-decoder-ogg-vorbis: bf7c407c2cedff20999df2af8eb42d56 -> 
  custom:audio-encoder-webm-vorbis: bf7c407c2cedff20999df2af8eb42d56 -> 
========================================================================
Received Import Request.
  Time since last request: 211296.929818 seconds.
  path: Assets/sprites/v1.1 dungeon crawler 16x16 pixel pack/heroes/knight/knight_run_spritesheet.png
  artifactKey: Guid(78a7a3e97c23d2f44a79b9390787498b) Importer(815301076,1909f56bfc062723c751e8b465ee728b)
Start importing Assets/sprites/v1.1 dungeon crawler 16x16 pixel pack/heroes/knight/knight_run_spritesheet.png using Guid(78a7a3e97c23d2f44a79b9390787498b) Importer(815301076,1909f56bfc062723c751e8b465ee728b)  -> (artifact id: '64fdf2b5b1324f8886138ca5e9490260') in 0.093112 seconds
Number of updated asset objects reloaded before import = 0
Number of asset objects unloaded after import = 8
========================================================================
Received Import Request.
  Time since last request: 1107.407614 seconds.
  path: Assets/sprites/v1.1 dungeon crawler 16X16 pixel pack/full tilemap.png
  artifactKey: Guid(8d510b71ac566c0418cd4f3a582c1c3b) Importer(815301076,1909f56bfc062723c751e8b465ee728b)
Start importing Assets/sprites/v1.1 dungeon crawler 16X16 pixel pack/full tilemap.png using Guid(8d510b71ac566c0418cd4f3a582c1c3b) Importer(815301076,1909f56bfc062723c751e8b465ee728b)  -> (artifact id: '9770985bf543c53ee2ce359840670ba7') in 0.019911 seconds
Number of updated asset objects reloaded before import = 0
Number of asset objects unloaded after import = 3
========================================================================
Received Import Request.
  Time since last request: 2.073094 seconds.
  path: Assets/sprites/v1.1 dungeon crawler 16X16 pixel pack/ui (new)/crosshair_2.png
  artifactKey: Guid(94f6a6db7acf80b4e8f170a9b6860a3a) Importer(815301076,1909f56bfc062723c751e8b465ee728b)
Start importing Assets/sprites/v1.1 dungeon crawler 16X16 pixel pack/ui (new)/crosshair_2.png using Guid(94f6a6db7acf80b4e8f170a9b6860a3a) Importer(815301076,1909f56bfc062723c751e8b465ee728b)  -> (artifact id: 'fd61a107933b69fd310f0ddd537bcffd') in 0.011332 seconds
Number of updated asset objects reloaded before import = 0
Number of asset objects unloaded after import = 3
========================================================================
Received Import Request.
  Time since last request: 0.010257 seconds.
  path: Assets/sprites/v1.1 dungeon crawler 16X16 pixel pack/ui (new)/crosshair_3.png
  artifactKey: Guid(865b78e6a1100ee4d8405a64cd2fc55a) Importer(815301076,1909f56bfc062723c751e8b465ee728b)
Start importing Assets/sprites/v1.1 dungeon crawler 16X16 pixel pack/ui (new)/crosshair_3.png using Guid(865b78e6a1100ee4d8405a64cd2fc55a) Importer(815301076,1909f56bfc062723c751e8b465ee728b)  -> (artifact id: 'df4019b1c22311f801e684f82a747c16') in 0.025022 seconds
Number of updated asset objects reloaded before import = 0
Number of asset objects unloaded after import = 3
========================================================================
Received Import Request.
  Time since last request: 0.000023 seconds.
  path: Assets/sprites/v1.1 dungeon crawler 16X16 pixel pack/ui (new)/menu_button_press.png
  artifactKey: Guid(a995a33f3cbf17946b37de4703e92378) Importer(815301076,1909f56bfc062723c751e8b465ee728b)
Start importing Assets/sprites/v1.1 dungeon crawler 16X16 pixel pack/ui (new)/menu_button_press.png using Guid(a995a33f3cbf17946b37de4703e92378) Importer(815301076,1909f56bfc062723c751e8b465ee728b)  -> (artifact id: '198bdfdff8f9ef057c4c7cdd83bf7d06') in 0.029485 seconds
Number of updated asset objects reloaded before import = 0
Number of asset objects unloaded after import = 3
========================================================================
Received Import Request.
  Time since last request: 0.000060 seconds.
  path: Assets/sprites/v1.1 dungeon crawler 16X16 pixel pack/ui (new)/pause_button_press.png
  artifactKey: Guid(47fecd401c41e724983923aa53d5d2fe) Importer(815301076,1909f56bfc062723c751e8b465ee728b)
Start importing Assets/sprites/v1.1 dungeon crawler 16X16 pixel pack/ui (new)/pause_button_press.png using Guid(47fecd401c41e724983923aa53d5d2fe) Importer(815301076,1909f56bfc062723c751e8b465ee728b)  -> (artifact id: 'fcf3ff1c59c9924c3087dea7a5e70158') in 0.051214 seconds
Number of updated asset objects reloaded before import = 0
Number of asset objects unloaded after import = 3
========================================================================
Received Import Request.
  Time since last request: 1.032785 seconds.
  path: Assets/sprites/v1.1 dungeon crawler 16X16 pixel pack/tiles/wall/door_anim_opening_f1.png
  artifactKey: Guid(20e9df1d4afa9a347882dbae94d75826) Importer(815301076,1909f56bfc062723c751e8b465ee728b)
Start importing Assets/sprites/v1.1 dungeon crawler 16X16 pixel pack/tiles/wall/door_anim_opening_f1.png using Guid(20e9df1d4afa9a347882dbae94d75826) Importer(815301076,1909f56bfc062723c751e8b465ee728b)  -> (artifact id: 'c0a0660a31e4bad5dd825bfa242b8e85') in 0.021844 seconds
Number of updated asset objects reloaded before import = 0
Number of asset objects unloaded after import = 3
========================================================================
Received Import Request.
  Time since last request: 0.000028 seconds.
  path: Assets/sprites/v1.1 dungeon crawler 16X16 pixel pack/tiles/wall/door_anim_opening_f4.png
  artifactKey: Guid(c83baacea039a544c9f7d944f6dec5cb) Importer(815301076,1909f56bfc062723c751e8b465ee728b)
Start importing Assets/sprites/v1.1 dungeon crawler 16X16 pixel pack/tiles/wall/door_anim_opening_f4.png using Guid(c83baacea039a544c9f7d944f6dec5cb) Importer(815301076,1909f56bfc062723c751e8b465ee728b)  -> (artifact id: 'fe35f3a6c4dcd570a12487053fd78f01') in 0.018933 seconds
Number of updated asset objects reloaded before import = 0
Number of asset objects unloaded after import = 3
========================================================================
Received Import Request.
  Time since last request: 0.000050 seconds.
  path: Assets/sprites/v1.1 dungeon crawler 16X16 pixel pack/tiles/wall/door_anim_opening_f7.png
  artifactKey: Guid(06d3a0b32b9029b44924013a6caf90c1) Importer(815301076,1909f56bfc062723c751e8b465ee728b)
Start importing Assets/sprites/v1.1 dungeon crawler 16X16 pixel pack/tiles/wall/door_anim_opening_f7.png using Guid(06d3a0b32b9029b44924013a6caf90c1) Importer(815301076,1909f56bfc062723c751e8b465ee728b)  -> (artifact id: '8b2d4c04d3d774ad323f9cb4bac20325') in 0.027735 seconds
Number of updated asset objects reloaded before import = 0
Number of asset objects unloaded after import = 3
========================================================================
Received Import Request.
  Time since last request: 0.000023 seconds.
  path: Assets/sprites/v1.1 dungeon crawler 16X16 pixel pack/tiles/wall/door_anim_opening_f6.png
  artifactKey: Guid(53c36d68a81e1344cb56b03bc19e331a) Importer(815301076,1909f56bfc062723c751e8b465ee728b)
Start importing Assets/sprites/v1.1 dungeon crawler 16X16 pixel pack/tiles/wall/door_anim_opening_f6.png using Guid(53c36d68a81e1344cb56b03bc19e331a) Importer(815301076,1909f56bfc062723c751e8b465ee728b)  -> (artifact id: 'dfe8c5a7d4dc0936af114101e9a5869a') in 0.008656 seconds
Number of updated asset objects reloaded before import = 0
Number of asset objects unloaded after import = 3
========================================================================
Received Import Request.
  Time since last request: 0.772311 seconds.
  path: Assets/sprites/v1.1 dungeon crawler 16X16 pixel pack/tiles/floor/floor_1.png
  artifactKey: Guid(9d1c0e39c7b2f4e4c9db2d1e7e6f761c) Importer(815301076,1909f56bfc062723c751e8b465ee728b)
Start importing Assets/sprites/v1.1 dungeon crawler 16X16 pixel pack/tiles/floor/floor_1.png using Guid(9d1c0e39c7b2f4e4c9db2d1e7e6f761c) Importer(815301076,1909f56bfc062723c751e8b465ee728b)  -> (artifact id: 'b71a57295361642f19f5b48a2c949210') in 0.010587 seconds
Number of updated asset objects reloaded before import = 0
Number of asset objects unloaded after import = 3
========================================================================
Received Import Request.
  Time since last request: 0.000055 seconds.
  path: Assets/sprites/v1.1 dungeon crawler 16X16 pixel pack/tiles/floor/floor_5.png
  artifactKey: Guid(ba37958d37929f242a2b1174fb985cf3) Importer(815301076,1909f56bfc062723c751e8b465ee728b)
Start importing Assets/sprites/v1.1 dungeon crawler 16X16 pixel pack/tiles/floor/floor_5.png using Guid(ba37958d37929f242a2b1174fb985cf3) Importer(815301076,1909f56bfc062723c751e8b465ee728b)  -> (artifact id: '0a0b2fd4b8bff6263ebbf3a524b40782') in 0.009541 seconds
Number of updated asset objects reloaded before import = 0
Number of asset objects unloaded after import = 3
========================================================================
Received Import Request.
  Time since last request: 0.000210 seconds.
  path: Assets/sprites/v1.1 dungeon crawler 16X16 pixel pack/tiles/floor/floor_6.png
  artifactKey: Guid(43e3ec5c9bc2fae4d873ad7853141954) Importer(815301076,1909f56bfc062723c751e8b465ee728b)
Start importing Assets/sprites/v1.1 dungeon crawler 16X16 pixel pack/tiles/floor/floor_6.png using Guid(43e3ec5c9bc2fae4d873ad7853141954) Importer(815301076,1909f56bfc062723c751e8b465ee728b)  -> (artifact id: '888f8789b57b807c00ecafdb39f63d8a') in 0.009081 seconds
Number of updated asset objects reloaded before import = 0
Number of asset objects unloaded after import = 3
========================================================================
Received Import Request.
  Time since last request: 0.000027 seconds.
  path: Assets/sprites/v1.1 dungeon crawler 16X16 pixel pack/tiles/floor/floor_3.png
  artifactKey: Guid(581b44ceb14226a43adde9efb0a7022d) Importer(815301076,1909f56bfc062723c751e8b465ee728b)
Start importing Assets/sprites/v1.1 dungeon crawler 16X16 pixel pack/tiles/floor/floor_3.png using Guid(581b44ceb14226a43adde9efb0a7022d) Importer(815301076,1909f56bfc062723c751e8b465ee728b)  -> (artifact id: '74d3cb1f554f92493cf4841d12a8159d') in 0.009755 seconds
Number of updated asset objects reloaded before import = 0
Number of asset objects unloaded after import = 3
========================================================================
Received Import Request.
  Time since last request: 7.448015 seconds.
  path: Assets/sprites/v1.1 dungeon crawler 16X16 pixel pack/props_itens/bomb_anim_f0.png
  artifactKey: Guid(f360829eaef5cb344be26ac13504f541) Importer(815301076,1909f56bfc062723c751e8b465ee728b)
Start importing Assets/sprites/v1.1 dungeon crawler 16X16 pixel pack/props_itens/bomb_anim_f0.png using Guid(f360829eaef5cb344be26ac13504f541) Importer(815301076,1909f56bfc062723c751e8b465ee728b)  -> (artifact id: '46db9cbe6f8ac49a64bd3fb898559bc2') in 0.019625 seconds
Number of updated asset objects reloaded before import = 0
Number of asset objects unloaded after import = 3
========================================================================
Received Import Request.
  Time since last request: 0.000028 seconds.
  path: Assets/sprites/v1.1 dungeon crawler 16X16 pixel pack/props_itens/bomb_anim_f2.png
  artifactKey: Guid(4a4be78d550f3db4cb34ee8c44be1f52) Importer(815301076,1909f56bfc062723c751e8b465ee728b)
Start importing Assets/sprites/v1.1 dungeon crawler 16X16 pixel pack/props_itens/bomb_anim_f2.png using Guid(4a4be78d550f3db4cb34ee8c44be1f52) Importer(815301076,1909f56bfc062723c751e8b465ee728b)  -> (artifact id: 'e23de0ca03e94c745e31098ca37738bd') in 0.071246 seconds
Number of updated asset objects reloaded before import = 0
Number of asset objects unloaded after import = 3
========================================================================
Received Import Request.
  Time since last request: 0.000019 seconds.
  path: Assets/sprites/v1.1 dungeon crawler 16X16 pixel pack/props_itens/bomb_anim_f4.png
  artifactKey: Guid(68dfb6e0b1ef6d742b28c27e65204870) Importer(815301076,1909f56bfc062723c751e8b465ee728b)
Start importing Assets/sprites/v1.1 dungeon crawler 16X16 pixel pack/props_itens/bomb_anim_f4.png using Guid(68dfb6e0b1ef6d742b28c27e65204870) Importer(815301076,1909f56bfc062723c751e8b465ee728b)  -> (artifact id: '9e70c053ea820507e53c4e58e96c94d3') in 0.084715 seconds
Number of updated asset objects reloaded before import = 0
Number of asset objects unloaded after import = 3
========================================================================
Received Import Request.
  Time since last request: 12.604252 seconds.
  path: Assets/sprites/v1.1 dungeon crawler 16X16 pixel pack/tiles/floor/floor_10.png
  artifactKey: Guid(9e996b778bb12c54f889516d5e1c8efc) Importer(815301076,1909f56bfc062723c751e8b465ee728b)
Start importing Assets/sprites/v1.1 dungeon crawler 16X16 pixel pack/tiles/floor/floor_10.png using Guid(9e996b778bb12c54f889516d5e1c8efc) Importer(815301076,1909f56bfc062723c751e8b465ee728b)  -> (artifact id: 'df05d76b2a95c5e3fcdfd828970a0607') in 0.017312 seconds
Number of updated asset objects reloaded before import = 0
Number of asset objects unloaded after import = 3
========================================================================
Received Import Request.
  Time since last request: 27.172137 seconds.
  path: Assets/palette/Dungeon_1.asset
  artifactKey: Guid(742de3f8af902fb4a9012e97d0461d5e) Importer(815301076,1909f56bfc062723c751e8b465ee728b)
Start importing Assets/palette/Dungeon_1.asset using Guid(742de3f8af902fb4a9012e97d0461d5e) Importer(815301076,1909f56bfc062723c751e8b465ee728b)  -> (artifact id: 'e86d0c835e45a8f3cb5c6ffed6d9e07d') in 0.007471 seconds
Number of updated asset objects reloaded before import = 0
Number of asset objects unloaded after import = 1
========================================================================
Received Import Request.
  Time since last request: 0.000061 seconds.
  path: Assets/palette/Dungeon_5.asset
  artifactKey: Guid(410e1f21c767548428cc2f56c3797a99) Importer(815301076,1909f56bfc062723c751e8b465ee728b)
Start importing Assets/palette/Dungeon_5.asset using Guid(410e1f21c767548428cc2f56c3797a99) Importer(815301076,1909f56bfc062723c751e8b465ee728b)  -> (artifact id: 'ce49d248cbef320b841d7c039f5b512e') in 0.003322 seconds
Number of updated asset objects reloaded before import = 0
Number of asset objects unloaded after import = 1
Editor requested this worker to shutdown with reason: Scaling down because of idle timeout
TcpMessagingSession - receive error: operation aborted. errorcode: 995, details: 由于线程退出或应用程序请求，已中止 I/O 操作。
AssetImportWorker is now disconnected from the server
Process exiting
Exiting without the bug reporter. Application will terminate with return code 0