Using pre-set license
Built from '2022.3/china_unity/release' branch; Version is '2022.3.17f1c1 (a01dafa986ec) revision 10493359'; Using compiler version '192829333'; Build Type 'Release'
OS: 'Windows 11  (10.0.22631) 64bit Core' Language: 'zh' Physical Memory: 16128 MB
BatchMode: 1, IsHumanControllingUs: 0, StartBugReporterOnCrash: 0, Is64bit: 1, IsPro: 1

COMMAND LINE ARGUMENTS:
F:\unity\2022.3.17f1c1\Editor\Unity.exe
-adb2
-batchMode
-noUpm
-name
AssetImportWorker5
-projectPath
D:/project/g3_team5_game/Project
-logFile
Logs/AssetImportWorker5.log
-srvPort
11610
Successfully changed project path to: D:/project/g3_team5_game/Project
D:/project/g3_team5_game/Project
[UnityMemory] Configuration Parameters - Can be set up in boot.config
    "memorysetup-bucket-allocator-granularity=16"
    "memorysetup-bucket-allocator-bucket-count=8"
    "memorysetup-bucket-allocator-block-size=33554432"
    "memorysetup-bucket-allocator-block-count=8"
    "memorysetup-main-allocator-block-size=16777216"
    "memorysetup-thread-allocator-block-size=16777216"
    "memorysetup-gfx-main-allocator-block-size=16777216"
    "memorysetup-gfx-thread-allocator-block-size=16777216"
    "memorysetup-cache-allocator-block-size=4194304"
    "memorysetup-typetree-allocator-block-size=2097152"
    "memorysetup-profiler-bucket-allocator-granularity=16"
    "memorysetup-profiler-bucket-allocator-bucket-count=8"
    "memorysetup-profiler-bucket-allocator-block-size=33554432"
    "memorysetup-profiler-bucket-allocator-block-count=8"
    "memorysetup-profiler-allocator-block-size=16777216"
    "memorysetup-profiler-editor-allocator-block-size=1048576"
    "memorysetup-temp-allocator-size-main=16777216"
    "memorysetup-job-temp-allocator-block-size=2097152"
    "memorysetup-job-temp-allocator-block-size-background=1048576"
    "memorysetup-job-temp-allocator-reduction-small-platforms=262144"
    "memorysetup-allocator-temp-initial-block-size-main=262144"
    "memorysetup-allocator-temp-initial-block-size-worker=262144"
    "memorysetup-temp-allocator-size-background-worker=32768"
    "memorysetup-temp-allocator-size-job-worker=262144"
    "memorysetup-temp-allocator-size-preload-manager=33554432"
    "memorysetup-temp-allocator-size-nav-mesh-worker=65536"
    "memorysetup-temp-allocator-size-audio-worker=65536"
    "memorysetup-temp-allocator-size-cloud-worker=32768"
    "memorysetup-temp-allocator-size-gi-baking-worker=262144"
    "memorysetup-temp-allocator-size-gfx=262144"
Player connection [37600] Host "[IP] 10.122.0.240 [Port] 0 [Flags] 2 [Guid] 2551574789 [EditorId] 2551574789 [Version] 1048832 [Id] WindowsEditor(7,极光pro) [Debug] 1 [PackageName] WindowsEditor [ProjectName] Editor" joined multi-casting on [225.0.0.222:54997]...

Player connection [37600] Host "[IP] 10.122.0.240 [Port] 0 [Flags] 2 [Guid] 2551574789 [EditorId] 2551574789 [Version] 1048832 [Id] WindowsEditor(7,极光pro) [Debug] 1 [PackageName] WindowsEditor [ProjectName] Editor" joined alternative multi-casting on [225.0.0.222:34997]...

[Physics::Module] Initialized MultithreadedJobDispatcher with 11 workers.
Refreshing native plugins compatible for Editor in 18.79 ms, found 4 plugins.
Preloading 0 native plugins for Editor in 0.00 ms.
Initialize engine version: 2022.3.17f1c1 (a01dafa986ec)
[Subsystems] Discovering subsystems at path F:/unity/2022.3.17f1c1/Editor/Data/Resources/UnitySubsystems
[Subsystems] Discovering subsystems at path D:/project/g3_team5_game/Project/Assets
GfxDevice: creating device client; threaded=0; jobified=0
Direct3D:
    Version:  Direct3D 11.0 [level 11.1]
    Renderer: NVIDIA GeForce RTX 3060 Laptop GPU (ID=0x2520)
    Vendor:   NVIDIA
    VRAM:     5996 MB
    Driver:   32.0.15.5599
Initialize mono
Mono path[0] = 'F:/unity/2022.3.17f1c1/Editor/Data/Managed'
Mono path[1] = 'F:/unity/2022.3.17f1c1/Editor/Data/MonoBleedingEdge/lib/mono/unityjit-win32'
Mono config path = 'F:/unity/2022.3.17f1c1/Editor/Data/MonoBleedingEdge/etc'
Using monoOptions --debugger-agent=transport=dt_socket,embedding=1,server=y,suspend=n,address=127.0.0.1:56208
Begin MonoManager ReloadAssembly
Registering precompiled unity dll's ...
Register platform support module: F:/unity/2022.3.17f1c1/Editor/Data/PlaybackEngines/WebGLSupport/UnityEditor.WebGL.Extensions.dll
Register platform support module: F:/unity/2022.3.17f1c1/Editor/Data/PlaybackEngines/WindowsStandaloneSupport/UnityEditor.WindowsStandalone.Extensions.dll
Registered in 0.005002 seconds.
- Loaded All Assemblies, in  0.285 seconds
Native extension for WindowsStandalone target not found
Native extension for WebGL target not found
Mono: successfully reloaded assembly
- Finished resetting the current domain, in  0.213 seconds
Domain Reload Profiling: 497ms
	BeginReloadAssembly (89ms)
		ExecutionOrderSort (0ms)
		DisableScriptedObjects (0ms)
		BackupInstance (0ms)
		ReleaseScriptingObjects (0ms)
		CreateAndSetChildDomain (1ms)
	RebuildCommonClasses (25ms)
	RebuildNativeTypeToScriptingClass (8ms)
	initialDomainReloadingComplete (47ms)
	LoadAllAssembliesAndSetupDomain (114ms)
		LoadAssemblies (86ms)
		RebuildTransferFunctionScriptingTraits (0ms)
		AnalyzeDomain (113ms)
			TypeCache.Refresh (112ms)
				TypeCache.ScanAssembly (101ms)
			ScanForSourceGeneratedMonoScriptInfo (0ms)
			ResolveRequiredComponents (0ms)
	FinalizeReload (214ms)
		ReleaseScriptCaches (0ms)
		RebuildScriptCaches (0ms)
		SetupLoadedEditorAssemblies (167ms)
			LogAssemblyErrors (0ms)
			InitializePlatformSupportModulesInManaged (6ms)
			SetLoadedEditorAssemblies (4ms)
			RefreshPlugins (0ms)
			BeforeProcessingInitializeOnLoad (2ms)
			ProcessInitializeOnLoadAttributes (117ms)
			ProcessInitializeOnLoadMethodAttributes (37ms)
			AfterProcessingInitializeOnLoad (0ms)
			EditorAssembliesLoaded (0ms)
		ExecutionOrderSort2 (0ms)
		AwakeInstancesAfterBackupRestoration (0ms)
========================================================================
Worker process is ready to serve import requests
Begin MonoManager ReloadAssembly
- Loaded All Assemblies, in  0.523 seconds
Refreshing native plugins compatible for Editor in 8.34 ms, found 4 plugins.
Native extension for WindowsStandalone target not found
Native extension for WebGL target not found
Package Manager log level set to [2]
[Package Manager] Server::EnsureServerProcessIsRunning -- launch failed, reason: Unity was launched with the -noUpm command-line argument
[Package Manager] UpmClient::Send -- Unable to send message (not connected to UPM process).
[Package Manager] Cannot connect to Unity Package Manager local server
Mono: successfully reloaded assembly
- Finished resetting the current domain, in  0.483 seconds
Domain Reload Profiling: 1001ms
	BeginReloadAssembly (118ms)
		ExecutionOrderSort (0ms)
		DisableScriptedObjects (4ms)
		BackupInstance (0ms)
		ReleaseScriptingObjects (0ms)
		CreateAndSetChildDomain (18ms)
	RebuildCommonClasses (24ms)
	RebuildNativeTypeToScriptingClass (8ms)
	initialDomainReloadingComplete (36ms)
	LoadAllAssembliesAndSetupDomain (331ms)
		LoadAssemblies (270ms)
		RebuildTransferFunctionScriptingTraits (0ms)
		AnalyzeDomain (129ms)
			TypeCache.Refresh (110ms)
				TypeCache.ScanAssembly (98ms)
			ScanForSourceGeneratedMonoScriptInfo (15ms)
			ResolveRequiredComponents (3ms)
	FinalizeReload (483ms)
		ReleaseScriptCaches (0ms)
		RebuildScriptCaches (0ms)
		SetupLoadedEditorAssemblies (358ms)
			LogAssemblyErrors (0ms)
			InitializePlatformSupportModulesInManaged (6ms)
			SetLoadedEditorAssemblies (4ms)
			RefreshPlugins (0ms)
			BeforeProcessingInitializeOnLoad (55ms)
			ProcessInitializeOnLoadAttributes (258ms)
			ProcessInitializeOnLoadMethodAttributes (30ms)
			AfterProcessingInitializeOnLoad (6ms)
			EditorAssembliesLoaded (0ms)
		ExecutionOrderSort2 (0ms)
		AwakeInstancesAfterBackupRestoration (6ms)
Launched and connected shader compiler UnityShaderCompiler.exe after 0.05 seconds
Refreshing native plugins compatible for Editor in 6.71 ms, found 4 plugins.
Preloading 0 native plugins for Editor in 0.00 ms.
Unloading 4018 Unused Serialized files (Serialized files now loaded: 0)
Unloading 70 unused Assets / (244.7 KB). Loaded Objects now: 4473.
Memory consumption went from 149.2 MB to 149.0 MB.
Total: 2.668900 ms (FindLiveObjects: 0.196400 ms CreateObjectMapping: 0.092500 ms MarkObjects: 2.192200 ms  DeleteObjects: 0.186400 ms)

AssetImportParameters requested are different than current active one (requested -> active):
  custom:container-demuxer-ogg: 62fdf1f143b41e24485cea50d1cbac27 -> 
  custom:video-decoder-ogg-theora: a1e56fd34408186e4bbccfd4996cb3dc -> 
  custom:framework-win-MediaFoundation: 216162199b28c13a410421893ffa2e32 -> 
  custom:CustomObjectIndexerAttribute: 6d391050e5a25f67b0a2c618074f2cd9 -> 
  custom:container-demuxer-webm: 4f35f7cbe854078d1ac9338744f61a02 -> 
  custom:container-muxer-webm: aa71ff27fc2769a1b78a27578f13a17b -> 
  custom:video-decoder-webm-vp8: 9c59270c3fd7afecdb556c50c9e8de78 -> 
  custom:SearchIndexIgnoredProperties: e643bd26f0fe6173181afceb89e7c659 -> 
  custom:AudioImporter_EditorPlatform: d09bf68614088b80899f8185d706f6e7 -> 
  custom:video-encoder-webm-vp8: eb34c28f22e8b96e1ab97ce403110664 -> 
  custom:audio-decoder-ogg-vorbis: bf7c407c2cedff20999df2af8eb42d56 -> 
  custom:audio-encoder-webm-vorbis: bf7c407c2cedff20999df2af8eb42d56 -> 
========================================================================
Received Import Request.
  Time since last request: 212633.866571 seconds.
  path: Assets/sprites/v1.1 dungeon crawler 16X16 pixel pack/tiles/floor/spikes_anim_f8 1.png
  artifactKey: Guid(5761e7867ae5da241a7e47e22385ecf7) Importer(815301076,1909f56bfc062723c751e8b465ee728b)
Start importing Assets/sprites/v1.1 dungeon crawler 16X16 pixel pack/tiles/floor/spikes_anim_f8 1.png using Guid(5761e7867ae5da241a7e47e22385ecf7) Importer(815301076,1909f56bfc062723c751e8b465ee728b)  -> (artifact id: 'f4a84a11480f882fb610ca85616bb5c8') in 0.091680 seconds
Number of updated asset objects reloaded before import = 0
Number of asset objects unloaded after import = 3
========================================================================
Received Import Request.
  Time since last request: 197.971927 seconds.
  path: Assets/sprites/v1.1 dungeon crawler 16X16 pixel pack/tiles/floor/floor_2 1.png
  artifactKey: Guid(138ca93cd7a47904d94a240723de23cc) Importer(815301076,1909f56bfc062723c751e8b465ee728b)
Start importing Assets/sprites/v1.1 dungeon crawler 16X16 pixel pack/tiles/floor/floor_2 1.png using Guid(138ca93cd7a47904d94a240723de23cc) Importer(815301076,1909f56bfc062723c751e8b465ee728b)  -> (artifact id: '57424216d2adf249137cc0a130a9926f') in 0.018900 seconds
Number of updated asset objects reloaded before import = 0
Number of asset objects unloaded after import = 3
========================================================================
Received Import Request.
  Time since last request: 0.000022 seconds.
  path: Assets/sprites/v1.1 dungeon crawler 16X16 pixel pack/tiles/floor/floor_3 1.png
  artifactKey: Guid(4646b1b13e76b03488f7f9a2772e1862) Importer(815301076,1909f56bfc062723c751e8b465ee728b)
Start importing Assets/sprites/v1.1 dungeon crawler 16X16 pixel pack/tiles/floor/floor_3 1.png using Guid(4646b1b13e76b03488f7f9a2772e1862) Importer(815301076,1909f56bfc062723c751e8b465ee728b)  -> (artifact id: '3e9fd6a23bfdbe42cabb35450a87b7a1') in 0.017502 seconds
Number of updated asset objects reloaded before import = 0
Number of asset objects unloaded after import = 3
========================================================================
Received Import Request.
  Time since last request: 15.879430 seconds.
  path: Assets/sprites/v1.1 dungeon crawler 16X16 pixel pack/tiles/wall/door_anim_opening_f9.png
  artifactKey: Guid(58554a41ff24be94e8514b738471e782) Importer(815301076,1909f56bfc062723c751e8b465ee728b)
Start importing Assets/sprites/v1.1 dungeon crawler 16X16 pixel pack/tiles/wall/door_anim_opening_f9.png using Guid(58554a41ff24be94e8514b738471e782) Importer(815301076,1909f56bfc062723c751e8b465ee728b)  -> (artifact id: '2d0b38ee9ed74a00fd77ad13c7857e4a') in 0.009702 seconds
Number of updated asset objects reloaded before import = 0
Number of asset objects unloaded after import = 3
========================================================================
Received Import Request.
  Time since last request: 0.015795 seconds.
  path: Assets/sprites/v1.1 dungeon crawler 16X16 pixel pack/tiles/wall/door_anim_opening_f10.png
  artifactKey: Guid(c2c42420c4e7b7940bca501dbf704483) Importer(815301076,1909f56bfc062723c751e8b465ee728b)
Start importing Assets/sprites/v1.1 dungeon crawler 16X16 pixel pack/tiles/wall/door_anim_opening_f10.png using Guid(c2c42420c4e7b7940bca501dbf704483) Importer(815301076,1909f56bfc062723c751e8b465ee728b)  -> (artifact id: 'e7b949862f85046ed9681c7fe12c0eec') in 0.029987 seconds
Number of updated asset objects reloaded before import = 0
Number of asset objects unloaded after import = 3
========================================================================
Received Import Request.
  Time since last request: 0.000061 seconds.
  path: Assets/sprites/v1.1 dungeon crawler 16X16 pixel pack/tiles/wall/door_closed.png
  artifactKey: Guid(82291ea15b4e77548a2ffb17d9d63535) Importer(815301076,1909f56bfc062723c751e8b465ee728b)
Start importing Assets/sprites/v1.1 dungeon crawler 16X16 pixel pack/tiles/wall/door_closed.png using Guid(82291ea15b4e77548a2ffb17d9d63535) Importer(815301076,1909f56bfc062723c751e8b465ee728b)  -> (artifact id: 'cecef64cc371bc68591536002daaf388') in 0.008224 seconds
Number of updated asset objects reloaded before import = 0
Number of asset objects unloaded after import = 3
========================================================================
Received Import Request.
  Time since last request: 0.000150 seconds.
  path: Assets/sprites/v1.1 dungeon crawler 16X16 pixel pack/tiles/wall/door_spritesheet.png
  artifactKey: Guid(d3744105bb0376a48bf1c3c005e136a5) Importer(815301076,1909f56bfc062723c751e8b465ee728b)
Start importing Assets/sprites/v1.1 dungeon crawler 16X16 pixel pack/tiles/wall/door_spritesheet.png using Guid(d3744105bb0376a48bf1c3c005e136a5) Importer(815301076,1909f56bfc062723c751e8b465ee728b)  -> (artifact id: '27e2e14243b5cef5eb79477d6620d67c') in 0.010236 seconds
Number of updated asset objects reloaded before import = 0
Number of asset objects unloaded after import = 3
========================================================================
Received Import Request.
  Time since last request: 34.140554 seconds.
  path: Assets/sprites/v1.1 dungeon crawler 16X16 pixel pack/tiles/wall/wall_arch_right.png
  artifactKey: Guid(441bb33311ac98145968a22452b2035c) Importer(815301076,1909f56bfc062723c751e8b465ee728b)
Start importing Assets/sprites/v1.1 dungeon crawler 16X16 pixel pack/tiles/wall/wall_arch_right.png using Guid(441bb33311ac98145968a22452b2035c) Importer(815301076,1909f56bfc062723c751e8b465ee728b)  -> (artifact id: '74323e39f98d5f8a93e2d9f511775cad') in 0.025715 seconds
Number of updated asset objects reloaded before import = 0
Number of asset objects unloaded after import = 3
========================================================================
Received Import Request.
  Time since last request: 3.663188 seconds.
  path: Assets/sprites/v1.1 dungeon crawler 16X16 pixel pack/effects (new)/enemy_afterdead_explosion_anim_f2.png
  artifactKey: Guid(57d109c847186ae41afe4064faa10f5b) Importer(815301076,1909f56bfc062723c751e8b465ee728b)
Start importing Assets/sprites/v1.1 dungeon crawler 16X16 pixel pack/effects (new)/enemy_afterdead_explosion_anim_f2.png using Guid(57d109c847186ae41afe4064faa10f5b) Importer(815301076,1909f56bfc062723c751e8b465ee728b)  -> (artifact id: 'c18facc467e7f170673d104ef3018910') in 0.011728 seconds
Number of updated asset objects reloaded before import = 0
Number of asset objects unloaded after import = 3
========================================================================
Received Import Request.
  Time since last request: 0.000023 seconds.
  path: Assets/sprites/v1.1 dungeon crawler 16X16 pixel pack/effects (new)/explosion_anim_f2.png
  artifactKey: Guid(681d463785b3eaf45a51edc7635d9906) Importer(815301076,1909f56bfc062723c751e8b465ee728b)
Start importing Assets/sprites/v1.1 dungeon crawler 16X16 pixel pack/effects (new)/explosion_anim_f2.png using Guid(681d463785b3eaf45a51edc7635d9906) Importer(815301076,1909f56bfc062723c751e8b465ee728b)  -> (artifact id: '94a1a8f36dac8c2899a8bcb846ec6883') in 0.023026 seconds
Number of updated asset objects reloaded before import = 0
Number of asset objects unloaded after import = 3
========================================================================
Received Import Request.
  Time since last request: 0.000019 seconds.
  path: Assets/sprites/v1.1 dungeon crawler 16X16 pixel pack/effects (new)/explosion_anim_f1.png
  artifactKey: Guid(28602969758cd284ca2e4eb95b684004) Importer(815301076,1909f56bfc062723c751e8b465ee728b)
Start importing Assets/sprites/v1.1 dungeon crawler 16X16 pixel pack/effects (new)/explosion_anim_f1.png using Guid(28602969758cd284ca2e4eb95b684004) Importer(815301076,1909f56bfc062723c751e8b465ee728b)  -> (artifact id: '1d6f36d4624c948d37bf525ecd552df1') in 0.043403 seconds
Number of updated asset objects reloaded before import = 0
Number of asset objects unloaded after import = 3
========================================================================
Received Import Request.
  Time since last request: 0.000021 seconds.
  path: Assets/sprites/v1.1 dungeon crawler 16X16 pixel pack/effects (new)/explosion_anim_f0.png
  artifactKey: Guid(65d4b5839f4163a4681f860cd39b515f) Importer(815301076,1909f56bfc062723c751e8b465ee728b)
Start importing Assets/sprites/v1.1 dungeon crawler 16X16 pixel pack/effects (new)/explosion_anim_f0.png using Guid(65d4b5839f4163a4681f860cd39b515f) Importer(815301076,1909f56bfc062723c751e8b465ee728b)  -> (artifact id: '91f632a5938f56498ae5e05c0f851db2') in 0.012306 seconds
Number of updated asset objects reloaded before import = 0
Number of asset objects unloaded after import = 3
========================================================================
Received Import Request.
  Time since last request: 0.000057 seconds.
  path: Assets/sprites/v1.1 dungeon crawler 16X16 pixel pack/effects (new)/hit_effect_anim_f0.png
  artifactKey: Guid(dba918b04b8a600418358ebb62d59fb2) Importer(815301076,1909f56bfc062723c751e8b465ee728b)
Start importing Assets/sprites/v1.1 dungeon crawler 16X16 pixel pack/effects (new)/hit_effect_anim_f0.png using Guid(dba918b04b8a600418358ebb62d59fb2) Importer(815301076,1909f56bfc062723c751e8b465ee728b)  -> (artifact id: '6010d3fbde1ec925d70c02f9d078471b') in 0.041421 seconds
Number of updated asset objects reloaded before import = 0
Number of asset objects unloaded after import = 3
========================================================================
Received Import Request.
  Time since last request: 0.000018 seconds.
  path: Assets/sprites/v1.1 dungeon crawler 16X16 pixel pack/effects (new)/enemy_afterdead_explosion_anim_f3.png
  artifactKey: Guid(69959c44d24a4294187132a8c141fc78) Importer(815301076,1909f56bfc062723c751e8b465ee728b)
Start importing Assets/sprites/v1.1 dungeon crawler 16X16 pixel pack/effects (new)/enemy_afterdead_explosion_anim_f3.png using Guid(69959c44d24a4294187132a8c141fc78) Importer(815301076,1909f56bfc062723c751e8b465ee728b)  -> (artifact id: 'bd010780bf824b6139f4661560113301') in 0.030210 seconds
Number of updated asset objects reloaded before import = 0
Number of asset objects unloaded after import = 3
========================================================================
Received Import Request.
  Time since last request: 45.604433 seconds.
  path: Assets/sprites/v1.1 dungeon crawler 16X16 pixel pack/tiles/wall/wall_bottom_inner_right.png
  artifactKey: Guid(ea8b570ffa3b8d64c8b24c46fe06abd7) Importer(815301076,1909f56bfc062723c751e8b465ee728b)
Start importing Assets/sprites/v1.1 dungeon crawler 16X16 pixel pack/tiles/wall/wall_bottom_inner_right.png using Guid(ea8b570ffa3b8d64c8b24c46fe06abd7) Importer(815301076,1909f56bfc062723c751e8b465ee728b)  -> (artifact id: '98a65f8d0fbd3decfb55a59870fbaaad') in 0.048410 seconds
Number of updated asset objects reloaded before import = 0
Number of asset objects unloaded after import = 3
========================================================================
Received Import Request.
  Time since last request: 0.214268 seconds.
  path: Assets/sprites/v1.1 dungeon crawler 16X16 pixel pack/tiles/wall/wall_top_1.png
  artifactKey: Guid(cb88cb6ee6a43a849bb5fae87ff51395) Importer(815301076,1909f56bfc062723c751e8b465ee728b)
Start importing Assets/sprites/v1.1 dungeon crawler 16X16 pixel pack/tiles/wall/wall_top_1.png using Guid(cb88cb6ee6a43a849bb5fae87ff51395) Importer(815301076,1909f56bfc062723c751e8b465ee728b)  -> (artifact id: 'c06e4192068f4df1e7862cf5da146923') in 0.028751 seconds
Number of updated asset objects reloaded before import = 0
Number of asset objects unloaded after import = 3
========================================================================
Received Import Request.
  Time since last request: 0.010829 seconds.
  path: Assets/sprites/v1.1 dungeon crawler 16X16 pixel pack/tiles/wall/wall_top_inner_right.png
  artifactKey: Guid(6a0062e36e377d043a9c5ba99abc60d3) Importer(815301076,1909f56bfc062723c751e8b465ee728b)
Start importing Assets/sprites/v1.1 dungeon crawler 16X16 pixel pack/tiles/wall/wall_top_inner_right.png using Guid(6a0062e36e377d043a9c5ba99abc60d3) Importer(815301076,1909f56bfc062723c751e8b465ee728b)  -> (artifact id: '950e6ddd9e15b02879b7bad7db5ef142') in 0.031807 seconds
Number of updated asset objects reloaded before import = 0
Number of asset objects unloaded after import = 3
========================================================================
Received Import Request.
  Time since last request: 0.178475 seconds.
  path: Assets/sprites/v1.1 dungeon crawler 16X16 pixel pack/tiles/wall/wall_top_right.png
  artifactKey: Guid(0e857df090d95964ea412b6ab01a1734) Importer(815301076,1909f56bfc062723c751e8b465ee728b)
Start importing Assets/sprites/v1.1 dungeon crawler 16X16 pixel pack/tiles/wall/wall_top_right.png using Guid(0e857df090d95964ea412b6ab01a1734) Importer(815301076,1909f56bfc062723c751e8b465ee728b)  -> (artifact id: '8344aea2c50876509f03fc8615d257d6') in 0.042572 seconds
Number of updated asset objects reloaded before import = 0
Number of asset objects unloaded after import = 3
========================================================================
Received Import Request.
  Time since last request: 5.519216 seconds.
  path: Assets/palette/floor_1.asset
  artifactKey: Guid(b64ddaaa404f6af4fabcff88b506443f) Importer(815301076,1909f56bfc062723c751e8b465ee728b)
Start importing Assets/palette/floor_1.asset using Guid(b64ddaaa404f6af4fabcff88b506443f) Importer(815301076,1909f56bfc062723c751e8b465ee728b)  -> (artifact id: 'f1d667bb5c84e0f49d11bf77062390c3') in 0.007101 seconds
Number of updated asset objects reloaded before import = 0
Number of asset objects unloaded after import = 1
========================================================================
Received Import Request.
  Time since last request: 0.000024 seconds.
  path: Assets/palette/floor_2.asset
  artifactKey: Guid(30da9f0e91471cb438146760b7a06d02) Importer(815301076,1909f56bfc062723c751e8b465ee728b)
Start importing Assets/palette/floor_2.asset using Guid(30da9f0e91471cb438146760b7a06d02) Importer(815301076,1909f56bfc062723c751e8b465ee728b)  -> (artifact id: 'de860b802b6e0e2040c3064d262bac5c') in 0.002198 seconds
Number of updated asset objects reloaded before import = 0
Number of asset objects unloaded after import = 1
========================================================================
Received Import Request.
  Time since last request: 0.000084 seconds.
  path: Assets/palette/floor_side5.asset
  artifactKey: Guid(63382fb1023376f4da3f4fd9b5fcc794) Importer(815301076,1909f56bfc062723c751e8b465ee728b)
Start importing Assets/palette/floor_side5.asset using Guid(63382fb1023376f4da3f4fd9b5fcc794) Importer(815301076,1909f56bfc062723c751e8b465ee728b)  -> (artifact id: '568c3c4067a8384041c7c4d7391bf312') in 0.002630 seconds
Number of updated asset objects reloaded before import = 0
Number of asset objects unloaded after import = 1
========================================================================
Received Import Request.
  Time since last request: 0.000028 seconds.
  path: Assets/palette/floor_side.asset
  artifactKey: Guid(5dc066efbef5fdd4488087c3e135307a) Importer(815301076,1909f56bfc062723c751e8b465ee728b)
Start importing Assets/palette/floor_side.asset using Guid(5dc066efbef5fdd4488087c3e135307a) Importer(815301076,1909f56bfc062723c751e8b465ee728b)  -> (artifact id: '147c2b84bc1ed299d0a69fdac9272523') in 0.003298 seconds
Number of updated asset objects reloaded before import = 0
Number of asset objects unloaded after import = 1
========================================================================
Received Import Request.
  Time since last request: 0.000025 seconds.
  path: Assets/palette/floor_10.asset
  artifactKey: Guid(9826fef378ac0e3499e22180b4289a15) Importer(815301076,1909f56bfc062723c751e8b465ee728b)
Start importing Assets/palette/floor_10.asset using Guid(9826fef378ac0e3499e22180b4289a15) Importer(815301076,1909f56bfc062723c751e8b465ee728b)  -> (artifact id: '5ab7c4604b6a87c690c017a7d905a5e8') in 0.002276 seconds
Number of updated asset objects reloaded before import = 0
Number of asset objects unloaded after import = 1
========================================================================
Received Import Request.
  Time since last request: 0.000023 seconds.
  path: Assets/palette/floor_side_left.asset
  artifactKey: Guid(af324a429ec1e994dbdfe5c69e46eb00) Importer(815301076,1909f56bfc062723c751e8b465ee728b)
Start importing Assets/palette/floor_side_left.asset using Guid(af324a429ec1e994dbdfe5c69e46eb00) Importer(815301076,1909f56bfc062723c751e8b465ee728b)  -> (artifact id: 'c52f903aef51026d479f8f84a66ddf3f') in 0.002934 seconds
Number of updated asset objects reloaded before import = 0
Number of asset objects unloaded after import = 1
========================================================================
Received Import Request.
  Time since last request: 0.000036 seconds.
  path: Assets/palette/floor_8.asset
  artifactKey: Guid(f0a3e5ddbc8e31e4399c5c15d51a8294) Importer(815301076,1909f56bfc062723c751e8b465ee728b)
Start importing Assets/palette/floor_8.asset using Guid(f0a3e5ddbc8e31e4399c5c15d51a8294) Importer(815301076,1909f56bfc062723c751e8b465ee728b)  -> (artifact id: '7231a0cfcd51cc572dd02417fb89a7ea') in 0.002263 seconds
Number of updated asset objects reloaded before import = 0
Number of asset objects unloaded after import = 1
========================================================================
Received Import Request.
  Time since last request: 0.000079 seconds.
  path: Assets/palette/floor_stair.asset
  artifactKey: Guid(e57e7c11fbfa6d34f9c98d3cdbae79e5) Importer(815301076,1909f56bfc062723c751e8b465ee728b)
Start importing Assets/palette/floor_stair.asset using Guid(e57e7c11fbfa6d34f9c98d3cdbae79e5) Importer(815301076,1909f56bfc062723c751e8b465ee728b)  -> (artifact id: 'd6d17098f252f841fb691df803ae740b') in 0.002157 seconds
Number of updated asset objects reloaded before import = 0
Number of asset objects unloaded after import = 1
Editor requested this worker to shutdown with reason: Scaling down because of idle timeout
TcpMessagingSession - receive error: operation aborted. errorcode: 995, details: 由于线程退出或应用程序请求，已中止 I/O 操作。
AssetImportWorker is now disconnected from the server
Process exiting
Exiting without the bug reporter. Application will terminate with return code 0