Using pre-set license
Built from '2022.3/china_unity/release' branch; Version is '2022.3.17f1c1 (a01dafa986ec) revision 10493359'; Using compiler version '192829333'; Build Type 'Release'
OS: 'Windows 11  (10.0.22631) 64bit Core' Language: 'zh' Physical Memory: 16128 MB
BatchMode: 1, IsHumanControllingUs: 0, StartBugReporterOnCrash: 0, Is64bit: 1, IsPro: 1

COMMAND LINE ARGUMENTS:
F:\unity\2022.3.17f1c1\Editor\Unity.exe
-adb2
-batchMode
-noUpm
-name
AssetImportWorker6
-projectPath
D:/project/g3_team5_game/Project
-logFile
Logs/AssetImportWorker6.log
-srvPort
11610
Successfully changed project path to: D:/project/g3_team5_game/Project
D:/project/g3_team5_game/Project
[UnityMemory] Configuration Parameters - Can be set up in boot.config
    "memorysetup-bucket-allocator-granularity=16"
    "memorysetup-bucket-allocator-bucket-count=8"
    "memorysetup-bucket-allocator-block-size=33554432"
    "memorysetup-bucket-allocator-block-count=8"
    "memorysetup-main-allocator-block-size=16777216"
    "memorysetup-thread-allocator-block-size=16777216"
    "memorysetup-gfx-main-allocator-block-size=16777216"
    "memorysetup-gfx-thread-allocator-block-size=16777216"
    "memorysetup-cache-allocator-block-size=4194304"
    "memorysetup-typetree-allocator-block-size=2097152"
    "memorysetup-profiler-bucket-allocator-granularity=16"
    "memorysetup-profiler-bucket-allocator-bucket-count=8"
    "memorysetup-profiler-bucket-allocator-block-size=33554432"
    "memorysetup-profiler-bucket-allocator-block-count=8"
    "memorysetup-profiler-allocator-block-size=16777216"
    "memorysetup-profiler-editor-allocator-block-size=1048576"
    "memorysetup-temp-allocator-size-main=16777216"
    "memorysetup-job-temp-allocator-block-size=2097152"
    "memorysetup-job-temp-allocator-block-size-background=1048576"
    "memorysetup-job-temp-allocator-reduction-small-platforms=262144"
    "memorysetup-allocator-temp-initial-block-size-main=262144"
    "memorysetup-allocator-temp-initial-block-size-worker=262144"
    "memorysetup-temp-allocator-size-background-worker=32768"
    "memorysetup-temp-allocator-size-job-worker=262144"
    "memorysetup-temp-allocator-size-preload-manager=33554432"
    "memorysetup-temp-allocator-size-nav-mesh-worker=65536"
    "memorysetup-temp-allocator-size-audio-worker=65536"
    "memorysetup-temp-allocator-size-cloud-worker=32768"
    "memorysetup-temp-allocator-size-gi-baking-worker=262144"
    "memorysetup-temp-allocator-size-gfx=262144"
Player connection [41492] Host "[IP] 10.122.0.240 [Port] 0 [Flags] 2 [Guid] 2700955028 [EditorId] 2700955028 [Version] 1048832 [Id] WindowsEditor(7,极光pro) [Debug] 1 [PackageName] WindowsEditor [ProjectName] Editor" joined multi-casting on [225.0.0.222:54997]...

Player connection [41492] Host "[IP] 10.122.0.240 [Port] 0 [Flags] 2 [Guid] 2700955028 [EditorId] 2700955028 [Version] 1048832 [Id] WindowsEditor(7,极光pro) [Debug] 1 [PackageName] WindowsEditor [ProjectName] Editor" joined alternative multi-casting on [225.0.0.222:34997]...

[Physics::Module] Initialized MultithreadedJobDispatcher with 11 workers.
Refreshing native plugins compatible for Editor in 17.86 ms, found 4 plugins.
Preloading 0 native plugins for Editor in 0.00 ms.
Initialize engine version: 2022.3.17f1c1 (a01dafa986ec)
[Subsystems] Discovering subsystems at path F:/unity/2022.3.17f1c1/Editor/Data/Resources/UnitySubsystems
[Subsystems] Discovering subsystems at path D:/project/g3_team5_game/Project/Assets
GfxDevice: creating device client; threaded=0; jobified=0
Direct3D:
    Version:  Direct3D 11.0 [level 11.1]
    Renderer: NVIDIA GeForce RTX 3060 Laptop GPU (ID=0x2520)
    Vendor:   NVIDIA
    VRAM:     5996 MB
    Driver:   32.0.15.5599
Initialize mono
Mono path[0] = 'F:/unity/2022.3.17f1c1/Editor/Data/Managed'
Mono path[1] = 'F:/unity/2022.3.17f1c1/Editor/Data/MonoBleedingEdge/lib/mono/unityjit-win32'
Mono config path = 'F:/unity/2022.3.17f1c1/Editor/Data/MonoBleedingEdge/etc'
Using monoOptions --debugger-agent=transport=dt_socket,embedding=1,server=y,suspend=n,address=127.0.0.1:56560
Begin MonoManager ReloadAssembly
Registering precompiled unity dll's ...
Register platform support module: F:/unity/2022.3.17f1c1/Editor/Data/PlaybackEngines/WebGLSupport/UnityEditor.WebGL.Extensions.dll
Register platform support module: F:/unity/2022.3.17f1c1/Editor/Data/PlaybackEngines/WindowsStandaloneSupport/UnityEditor.WindowsStandalone.Extensions.dll
Registered in 0.004872 seconds.
- Loaded All Assemblies, in  0.273 seconds
Native extension for WindowsStandalone target not found
Native extension for WebGL target not found
Mono: successfully reloaded assembly
- Finished resetting the current domain, in  0.213 seconds
Domain Reload Profiling: 484ms
	BeginReloadAssembly (83ms)
		ExecutionOrderSort (0ms)
		DisableScriptedObjects (0ms)
		BackupInstance (0ms)
		ReleaseScriptingObjects (0ms)
		CreateAndSetChildDomain (1ms)
	RebuildCommonClasses (25ms)
	RebuildNativeTypeToScriptingClass (7ms)
	initialDomainReloadingComplete (47ms)
	LoadAllAssembliesAndSetupDomain (109ms)
		LoadAssemblies (80ms)
		RebuildTransferFunctionScriptingTraits (0ms)
		AnalyzeDomain (107ms)
			TypeCache.Refresh (106ms)
				TypeCache.ScanAssembly (96ms)
			ScanForSourceGeneratedMonoScriptInfo (0ms)
			ResolveRequiredComponents (0ms)
	FinalizeReload (214ms)
		ReleaseScriptCaches (0ms)
		RebuildScriptCaches (0ms)
		SetupLoadedEditorAssemblies (169ms)
			LogAssemblyErrors (0ms)
			InitializePlatformSupportModulesInManaged (8ms)
			SetLoadedEditorAssemblies (5ms)
			RefreshPlugins (0ms)
			BeforeProcessingInitializeOnLoad (2ms)
			ProcessInitializeOnLoadAttributes (115ms)
			ProcessInitializeOnLoadMethodAttributes (40ms)
			AfterProcessingInitializeOnLoad (0ms)
			EditorAssembliesLoaded (0ms)
		ExecutionOrderSort2 (0ms)
		AwakeInstancesAfterBackupRestoration (0ms)
========================================================================
Worker process is ready to serve import requests
Begin MonoManager ReloadAssembly
- Loaded All Assemblies, in  0.531 seconds
Refreshing native plugins compatible for Editor in 6.18 ms, found 4 plugins.
Native extension for WindowsStandalone target not found
Native extension for WebGL target not found
Package Manager log level set to [2]
[Package Manager] Server::EnsureServerProcessIsRunning -- launch failed, reason: Unity was launched with the -noUpm command-line argument
[Package Manager] UpmClient::Send -- Unable to send message (not connected to UPM process).
[Package Manager] Cannot connect to Unity Package Manager local server
Mono: successfully reloaded assembly
- Finished resetting the current domain, in  0.458 seconds
Domain Reload Profiling: 983ms
	BeginReloadAssembly (117ms)
		ExecutionOrderSort (0ms)
		DisableScriptedObjects (4ms)
		BackupInstance (0ms)
		ReleaseScriptingObjects (0ms)
		CreateAndSetChildDomain (17ms)
	RebuildCommonClasses (24ms)
	RebuildNativeTypeToScriptingClass (7ms)
	initialDomainReloadingComplete (35ms)
	LoadAllAssembliesAndSetupDomain (341ms)
		LoadAssemblies (276ms)
		RebuildTransferFunctionScriptingTraits (0ms)
		AnalyzeDomain (133ms)
			TypeCache.Refresh (115ms)
				TypeCache.ScanAssembly (104ms)
			ScanForSourceGeneratedMonoScriptInfo (15ms)
			ResolveRequiredComponents (3ms)
	FinalizeReload (458ms)
		ReleaseScriptCaches (0ms)
		RebuildScriptCaches (0ms)
		SetupLoadedEditorAssemblies (338ms)
			LogAssemblyErrors (0ms)
			InitializePlatformSupportModulesInManaged (5ms)
			SetLoadedEditorAssemblies (3ms)
			RefreshPlugins (0ms)
			BeforeProcessingInitializeOnLoad (50ms)
			ProcessInitializeOnLoadAttributes (245ms)
			ProcessInitializeOnLoadMethodAttributes (30ms)
			AfterProcessingInitializeOnLoad (5ms)
			EditorAssembliesLoaded (0ms)
		ExecutionOrderSort2 (0ms)
		AwakeInstancesAfterBackupRestoration (6ms)
Launched and connected shader compiler UnityShaderCompiler.exe after 0.05 seconds
Refreshing native plugins compatible for Editor in 6.58 ms, found 4 plugins.
Preloading 0 native plugins for Editor in 0.00 ms.
Unloading 4018 Unused Serialized files (Serialized files now loaded: 0)
Unloading 70 unused Assets / (244.3 KB). Loaded Objects now: 4473.
Memory consumption went from 149.3 MB to 149.1 MB.
Total: 2.781900 ms (FindLiveObjects: 0.199000 ms CreateObjectMapping: 0.093300 ms MarkObjects: 2.319900 ms  DeleteObjects: 0.168600 ms)

AssetImportParameters requested are different than current active one (requested -> active):
  custom:container-demuxer-ogg: 62fdf1f143b41e24485cea50d1cbac27 -> 
  custom:video-decoder-ogg-theora: a1e56fd34408186e4bbccfd4996cb3dc -> 
  custom:framework-win-MediaFoundation: 216162199b28c13a410421893ffa2e32 -> 
  custom:CustomObjectIndexerAttribute: 6d391050e5a25f67b0a2c618074f2cd9 -> 
  custom:container-demuxer-webm: 4f35f7cbe854078d1ac9338744f61a02 -> 
  custom:container-muxer-webm: aa71ff27fc2769a1b78a27578f13a17b -> 
  custom:video-decoder-webm-vp8: 9c59270c3fd7afecdb556c50c9e8de78 -> 
  custom:SearchIndexIgnoredProperties: e643bd26f0fe6173181afceb89e7c659 -> 
  custom:AudioImporter_EditorPlatform: d09bf68614088b80899f8185d706f6e7 -> 
  custom:video-encoder-webm-vp8: eb34c28f22e8b96e1ab97ce403110664 -> 
  custom:audio-decoder-ogg-vorbis: bf7c407c2cedff20999df2af8eb42d56 -> 
  custom:audio-encoder-webm-vorbis: bf7c407c2cedff20999df2af8eb42d56 -> 
========================================================================
Received Import Request.
  Time since last request: 212882.003660 seconds.
  path: Assets/sprites/v1.1 dungeon crawler 16X16 pixel pack/tiles/wall/wall_3.png
  artifactKey: Guid(25b6512d8cea5f14d81d3e3e8d54fd85) Importer(815301076,1909f56bfc062723c751e8b465ee728b)
Start importing Assets/sprites/v1.1 dungeon crawler 16X16 pixel pack/tiles/wall/wall_3.png using Guid(25b6512d8cea5f14d81d3e3e8d54fd85) Importer(815301076,1909f56bfc062723c751e8b465ee728b)  -> (artifact id: 'a26e9b2e6832955c9908720e769dd2cc') in 0.128453 seconds
Number of updated asset objects reloaded before import = 0
Number of asset objects unloaded after import = 3
========================================================================
Received Import Request.
  Time since last request: 3.622285 seconds.
  path: Assets/sprites/v1.1 dungeon crawler 16X16 pixel pack/effects (new)/enemy_afterdead_explosion_anim_f1.png
  artifactKey: Guid(a88cc4577a8b5584c8983ea9d6616558) Importer(815301076,1909f56bfc062723c751e8b465ee728b)
Start importing Assets/sprites/v1.1 dungeon crawler 16X16 pixel pack/effects (new)/enemy_afterdead_explosion_anim_f1.png using Guid(a88cc4577a8b5584c8983ea9d6616558) Importer(815301076,1909f56bfc062723c751e8b465ee728b)  -> (artifact id: '8ff2d9b7f5680f3d777492cb2620c90b') in 0.021694 seconds
Number of updated asset objects reloaded before import = 0
Number of asset objects unloaded after import = 3
========================================================================
Received Import Request.
  Time since last request: 0.000024 seconds.
  path: Assets/sprites/v1.1 dungeon crawler 16X16 pixel pack/effects (new)/explosion_anim_f6.png
  artifactKey: Guid(3b4bf7db2abcffd4d88cd1e5b45ba363) Importer(815301076,1909f56bfc062723c751e8b465ee728b)
Start importing Assets/sprites/v1.1 dungeon crawler 16X16 pixel pack/effects (new)/explosion_anim_f6.png using Guid(3b4bf7db2abcffd4d88cd1e5b45ba363) Importer(815301076,1909f56bfc062723c751e8b465ee728b)  -> (artifact id: 'e24ba0aa2ac57eba1fab58fc4b4e2a87') in 0.014188 seconds
Number of updated asset objects reloaded before import = 0
Number of asset objects unloaded after import = 3
========================================================================
Received Import Request.
  Time since last request: 0.000020 seconds.
  path: Assets/sprites/v1.1 dungeon crawler 16X16 pixel pack/effects (new)/explosion_anim_spritesheet.png
  artifactKey: Guid(1626314bd5d0a514aa1e14f9d0ef67af) Importer(815301076,1909f56bfc062723c751e8b465ee728b)
Start importing Assets/sprites/v1.1 dungeon crawler 16X16 pixel pack/effects (new)/explosion_anim_spritesheet.png using Guid(1626314bd5d0a514aa1e14f9d0ef67af) Importer(815301076,1909f56bfc062723c751e8b465ee728b)  -> (artifact id: '8f36268860340058a3d861a213115266') in 0.045281 seconds
Number of updated asset objects reloaded before import = 0
Number of asset objects unloaded after import = 3
========================================================================
Received Import Request.
  Time since last request: 0.000085 seconds.
  path: Assets/sprites/v1.1 dungeon crawler 16X16 pixel pack/effects (new)/explosion_anim_f5.png
  artifactKey: Guid(d1c5bcf8bc2692a45b88ab36d15f117b) Importer(815301076,1909f56bfc062723c751e8b465ee728b)
Start importing Assets/sprites/v1.1 dungeon crawler 16X16 pixel pack/effects (new)/explosion_anim_f5.png using Guid(d1c5bcf8bc2692a45b88ab36d15f117b) Importer(815301076,1909f56bfc062723c751e8b465ee728b)  -> (artifact id: '6d2764b5604128ab20141839102fa799') in 0.042478 seconds
Number of updated asset objects reloaded before import = 0
Number of asset objects unloaded after import = 3
========================================================================
Received Import Request.
  Time since last request: 0.000021 seconds.
  path: Assets/sprites/v1.1 dungeon crawler 16X16 pixel pack/effects (new)/explosion_anim_f3.png
  artifactKey: Guid(0a4d2ce7ce19a784c9a491a518cc1102) Importer(815301076,1909f56bfc062723c751e8b465ee728b)
Start importing Assets/sprites/v1.1 dungeon crawler 16X16 pixel pack/effects (new)/explosion_anim_f3.png using Guid(0a4d2ce7ce19a784c9a491a518cc1102) Importer(815301076,1909f56bfc062723c751e8b465ee728b)  -> (artifact id: '2b1b150441fdcc704f631199badfaf62') in 0.031427 seconds
Number of updated asset objects reloaded before import = 0
Number of asset objects unloaded after import = 3
========================================================================
Received Import Request.
  Time since last request: 0.000033 seconds.
  path: Assets/sprites/v1.1 dungeon crawler 16X16 pixel pack/effects (new)/hit_effect_anim_f2.png
  artifactKey: Guid(f66485e78e4fb9e42be57cf35f4cbaba) Importer(815301076,1909f56bfc062723c751e8b465ee728b)
Start importing Assets/sprites/v1.1 dungeon crawler 16X16 pixel pack/effects (new)/hit_effect_anim_f2.png using Guid(f66485e78e4fb9e42be57cf35f4cbaba) Importer(815301076,1909f56bfc062723c751e8b465ee728b)  -> (artifact id: '28df4f219b499ed90f5514c26f53f695') in 0.026441 seconds
Number of updated asset objects reloaded before import = 0
Number of asset objects unloaded after import = 3
========================================================================
Received Import Request.
  Time since last request: 0.303438 seconds.
  path: Assets/sprites/v1.1 dungeon crawler 16X16 pixel pack/props_itens/chest_closed_anim_f2.png
  artifactKey: Guid(7672ab53d39931842850f4d16a7bee65) Importer(815301076,1909f56bfc062723c751e8b465ee728b)
Start importing Assets/sprites/v1.1 dungeon crawler 16X16 pixel pack/props_itens/chest_closed_anim_f2.png using Guid(7672ab53d39931842850f4d16a7bee65) Importer(815301076,1909f56bfc062723c751e8b465ee728b)  -> (artifact id: 'bcc39a7ee27e4b9c87d1c4150bae6673') in 0.014983 seconds
Number of updated asset objects reloaded before import = 0
Number of asset objects unloaded after import = 3
========================================================================
Received Import Request.
  Time since last request: 45.251445 seconds.
  path: Assets/sprites/v1.1 dungeon crawler 16X16 pixel pack/tiles/wall/wall_bottom_inner_left.png
  artifactKey: Guid(716289fcd0e45c54a9ddaf02a9294f8e) Importer(815301076,1909f56bfc062723c751e8b465ee728b)
Start importing Assets/sprites/v1.1 dungeon crawler 16X16 pixel pack/tiles/wall/wall_bottom_inner_left.png using Guid(716289fcd0e45c54a9ddaf02a9294f8e) Importer(815301076,1909f56bfc062723c751e8b465ee728b)  -> (artifact id: '97d4c39bd91d47760a877b459203f945') in 0.018800 seconds
Number of updated asset objects reloaded before import = 0
Number of asset objects unloaded after import = 3
========================================================================
Received Import Request.
  Time since last request: 0.040962 seconds.
  path: Assets/sprites/v1.1 dungeon crawler 16X16 pixel pack/tiles/wall/wall_bottom_right.png
  artifactKey: Guid(3d19198aa1f0d7f4b90a8ff4db4e0af6) Importer(815301076,1909f56bfc062723c751e8b465ee728b)
Start importing Assets/sprites/v1.1 dungeon crawler 16X16 pixel pack/tiles/wall/wall_bottom_right.png using Guid(3d19198aa1f0d7f4b90a8ff4db4e0af6) Importer(815301076,1909f56bfc062723c751e8b465ee728b)  -> (artifact id: '918bfeba5ca65e797fd37debc6477f70') in 0.014538 seconds
Number of updated asset objects reloaded before import = 0
Number of asset objects unloaded after import = 3
========================================================================
Received Import Request.
  Time since last request: 0.189617 seconds.
  path: Assets/sprites/v1.1 dungeon crawler 16X16 pixel pack/tiles/wall/wall_side_right.png
  artifactKey: Guid(a301068abad1a70419a434d2c9ca7986) Importer(815301076,1909f56bfc062723c751e8b465ee728b)
Start importing Assets/sprites/v1.1 dungeon crawler 16X16 pixel pack/tiles/wall/wall_side_right.png using Guid(a301068abad1a70419a434d2c9ca7986) Importer(815301076,1909f56bfc062723c751e8b465ee728b)  -> (artifact id: '06140b53aa4ab81b3ffcf70368e7bc39') in 0.021157 seconds
Number of updated asset objects reloaded before import = 0
Number of asset objects unloaded after import = 3
========================================================================
Received Import Request.
  Time since last request: 0.030173 seconds.
  path: Assets/sprites/v1.1 dungeon crawler 16X16 pixel pack/tiles/wall/wall_top_inner_left_2.png
  artifactKey: Guid(2da3d1667cc9fb24dac168ce1009e3f6) Importer(815301076,1909f56bfc062723c751e8b465ee728b)
Start importing Assets/sprites/v1.1 dungeon crawler 16X16 pixel pack/tiles/wall/wall_top_inner_left_2.png using Guid(2da3d1667cc9fb24dac168ce1009e3f6) Importer(815301076,1909f56bfc062723c751e8b465ee728b)  -> (artifact id: '813ee25744ded65833527e7b545e03db') in 0.034181 seconds
Number of updated asset objects reloaded before import = 0
Number of asset objects unloaded after import = 3
========================================================================
Received Import Request.
  Time since last request: 0.161403 seconds.
  path: Assets/sprites/v1.1 dungeon crawler 16X16 pixel pack/tiles/wall/wall_top_left.png
  artifactKey: Guid(d7f82d790438d6344aa836941bc9eb6a) Importer(815301076,1909f56bfc062723c751e8b465ee728b)
Start importing Assets/sprites/v1.1 dungeon crawler 16X16 pixel pack/tiles/wall/wall_top_left.png using Guid(d7f82d790438d6344aa836941bc9eb6a) Importer(815301076,1909f56bfc062723c751e8b465ee728b)  -> (artifact id: '411eab3e356537020044c1acd9c87363') in 0.019357 seconds
Number of updated asset objects reloaded before import = 0
Number of asset objects unloaded after import = 3
========================================================================
Received Import Request.
  Time since last request: 5.556863 seconds.
  path: Assets/palette/dungeon.prefab
  artifactKey: Guid(ec2a456ceeb908e48913e0349d4dec55) Importer(815301076,1909f56bfc062723c751e8b465ee728b)
Start importing Assets/palette/dungeon.prefab using Guid(ec2a456ceeb908e48913e0349d4dec55) Importer(815301076,1909f56bfc062723c751e8b465ee728b)  -> (artifact id: '0e3e15266f9215c929694fded701741b') in 0.042984 seconds
Number of updated asset objects reloaded before import = 0
Number of asset objects unloaded after import = 12
